{"D:\\My\\rs-chat-all\\server\\src\\socket.js": {"path":"D:\\My\\rs-chat-all\\server\\src\\socket.js","statementMap":{"0":{"start":{"line":2,"column":0},"end":{"line":2,"column":27}},"1":{"start":{"line":4,"column":22},"end":{"line":4,"column":35}},"2":{"start":{"line":5,"column":23},"end":{"line":5,"column":38}},"3":{"start":{"line":6,"column":19},"end":{"line":6,"column":53}},"4":{"start":{"line":7,"column":15},"end":{"line":7,"column":41}},"5":{"start":{"line":8,"column":23},"end":{"line":8,"column":56}},"6":{"start":{"line":10,"column":0},"end":{"line":58,"column":2}},"7":{"start":{"line":11,"column":12},"end":{"line":11,"column":16}},"8":{"start":{"line":12,"column":12},"end":{"line":12,"column":24}},"9":{"start":{"line":13,"column":20},"end":{"line":13,"column":48}},"10":{"start":{"line":16,"column":4},"end":{"line":16,"column":75}},"11":{"start":{"line":17,"column":4},"end":{"line":17,"column":73}},"12":{"start":{"line":25,"column":4},"end":{"line":25,"column":77}},"13":{"start":{"line":26,"column":4},"end":{"line":26,"column":48}},"14":{"start":{"line":29,"column":4},"end":{"line":29,"column":25}},"15":{"start":{"line":32,"column":28},"end":{"line":32,"column":57}},"16":{"start":{"line":33,"column":19},"end":{"line":33,"column":70}},"17":{"start":{"line":35,"column":25},"end":{"line":35,"column":33}},"18":{"start":{"line":36,"column":26},"end":{"line":36,"column":62}},"19":{"start":{"line":37,"column":4},"end":{"line":37,"column":54}},"20":{"start":{"line":39,"column":4},"end":{"line":39,"column":78}},"21":{"start":{"line":40,"column":4},"end":{"line":40,"column":78}},"22":{"start":{"line":42,"column":4},"end":{"line":42,"column":64}},"23":{"start":{"line":48,"column":4},"end":{"line":48,"column":56}},"24":{"start":{"line":49,"column":4},"end":{"line":49,"column":65}},"25":{"start":{"line":55,"column":4},"end":{"line":55,"column":65}},"26":{"start":{"line":56,"column":4},"end":{"line":56,"column":47}}},"fnMap":{"0":{"name":"(anonymous_0)","decl":{"start":{"line":15,"column":2},"end":{"line":15,"column":3}},"loc":{"start":{"line":15,"column":16},"end":{"line":27,"column":3}},"line":15},"1":{"name":"(anonymous_1)","decl":{"start":{"line":28,"column":2},"end":{"line":28,"column":3}},"loc":{"start":{"line":28,"column":10},"end":{"line":30,"column":3}},"line":28}},"branchMap":{},"s":{"0":1,"1":1,"2":1,"3":1,"4":1,"5":1,"6":1,"7":1,"8":1,"9":1,"10":1,"11":1,"12":1,"13":1,"14":1,"15":0,"16":0,"17":0,"18":0,"19":0,"20":0,"21":0,"22":0,"23":0,"24":0,"25":0,"26":0},"f":{"0":1,"1":1},"b":{},"_coverageSchema":"1a1c01bbd47fc00a2c39e90264f33305004495a9","hash":"e8eb1b036aa835072ec5f4778e144412dbcb2141"}
,"D:\\My\\rs-chat-all\\server\\src\\connection\\connection.js": {"path":"D:\\My\\rs-chat-all\\server\\src\\connection\\connection.js","statementMap":{"0":{"start":{"line":1,"column":23},"end":{"line":1,"column":68}},"1":{"start":{"line":2,"column":15},"end":{"line":2,"column":42}},"2":{"start":{"line":3,"column":18},"end":{"line":3,"column":53}},"3":{"start":{"line":4,"column":18},"end":{"line":4,"column":46}},"4":{"start":{"line":5,"column":25},"end":{"line":5,"column":66}},"5":{"start":{"line":6,"column":26},"end":{"line":6,"column":77}},"6":{"start":{"line":7,"column":23},"end":{"line":7,"column":68}},"7":{"start":{"line":9,"column":0},"end":{"line":189,"column":2}},"8":{"start":{"line":11,"column":12},"end":{"line":11,"column":16}},"9":{"start":{"line":13,"column":18},"end":{"line":13,"column":22}},"10":{"start":{"line":15,"column":10},"end":{"line":15,"column":14}},"11":{"start":{"line":17,"column":12},"end":{"line":17,"column":24}},"12":{"start":{"line":23,"column":4},"end":{"line":23,"column":26}},"13":{"start":{"line":24,"column":4},"end":{"line":24,"column":38}},"14":{"start":{"line":26,"column":4},"end":{"line":26,"column":33}},"15":{"start":{"line":28,"column":4},"end":{"line":28,"column":29}},"16":{"start":{"line":31,"column":4},"end":{"line":31,"column":22}},"17":{"start":{"line":34,"column":4},"end":{"line":34,"column":30}},"18":{"start":{"line":40,"column":4},"end":{"line":40,"column":92}},"19":{"start":{"line":43,"column":19},"end":{"line":47,"column":5}},"20":{"start":{"line":49,"column":4},"end":{"line":116,"column":5}},"21":{"start":{"line":52,"column":31},"end":{"line":52,"column":51}},"22":{"start":{"line":53,"column":8},"end":{"line":53,"column":53}},"23":{"start":{"line":55,"column":8},"end":{"line":70,"column":9}},"24":{"start":{"line":56,"column":28},"end":{"line":56,"column":51}},"25":{"start":{"line":57,"column":10},"end":{"line":57,"column":69}},"26":{"start":{"line":59,"column":31},"end":{"line":68,"column":11}},"27":{"start":{"line":69,"column":10},"end":{"line":69,"column":43}},"28":{"start":{"line":71,"column":8},"end":{"line":71,"column":14}},"29":{"start":{"line":75,"column":31},"end":{"line":75,"column":51}},"30":{"start":{"line":76,"column":8},"end":{"line":76,"column":53}},"31":{"start":{"line":77,"column":8},"end":{"line":77,"column":14}},"32":{"start":{"line":83,"column":8},"end":{"line":83,"column":41}},"33":{"start":{"line":84,"column":8},"end":{"line":84,"column":14}},"34":{"start":{"line":91,"column":34},"end":{"line":91,"column":67}},"35":{"start":{"line":92,"column":8},"end":{"line":92,"column":56}},"36":{"start":{"line":93,"column":8},"end":{"line":93,"column":14}},"37":{"start":{"line":96,"column":8},"end":{"line":96,"column":45}},"38":{"start":{"line":97,"column":8},"end":{"line":97,"column":41}},"39":{"start":{"line":98,"column":8},"end":{"line":98,"column":14}},"40":{"start":{"line":101,"column":8},"end":{"line":101,"column":45}},"41":{"start":{"line":102,"column":8},"end":{"line":102,"column":41}},"42":{"start":{"line":103,"column":8},"end":{"line":103,"column":14}},"43":{"start":{"line":106,"column":8},"end":{"line":106,"column":43}},"44":{"start":{"line":107,"column":8},"end":{"line":107,"column":41}},"45":{"start":{"line":108,"column":8},"end":{"line":108,"column":14}},"46":{"start":{"line":111,"column":8},"end":{"line":111,"column":40}},"47":{"start":{"line":112,"column":8},"end":{"line":114,"column":10}},"48":{"start":{"line":118,"column":4},"end":{"line":120,"column":5}},"49":{"start":{"line":119,"column":6},"end":{"line":119,"column":38}},"50":{"start":{"line":122,"column":4},"end":{"line":122,"column":30}},"51":{"start":{"line":125,"column":20},"end":{"line":125,"column":36}},"52":{"start":{"line":127,"column":4},"end":{"line":150,"column":5}},"53":{"start":{"line":136,"column":23},"end":{"line":142,"column":9}},"54":{"start":{"line":144,"column":8},"end":{"line":144,"column":34}},"55":{"start":{"line":145,"column":8},"end":{"line":145,"column":14}},"56":{"start":{"line":148,"column":8},"end":{"line":148,"column":37}},"57":{"start":{"line":153,"column":4},"end":{"line":153,"column":24}},"58":{"start":{"line":154,"column":4},"end":{"line":171,"column":5}},"59":{"start":{"line":155,"column":6},"end":{"line":155,"column":35}},"60":{"start":{"line":158,"column":27},"end":{"line":167,"column":7}},"61":{"start":{"line":168,"column":29},"end":{"line":168,"column":49}},"62":{"start":{"line":169,"column":6},"end":{"line":169,"column":39}},"63":{"start":{"line":170,"column":6},"end":{"line":170,"column":24}},"64":{"start":{"line":174,"column":4},"end":{"line":174,"column":25}},"65":{"start":{"line":177,"column":4},"end":{"line":177,"column":60}},"66":{"start":{"line":178,"column":4},"end":{"line":178,"column":60}},"67":{"start":{"line":179,"column":4},"end":{"line":179,"column":70}},"68":{"start":{"line":185,"column":4},"end":{"line":185,"column":46}},"69":{"start":{"line":187,"column":4},"end":{"line":187,"column":92}}},"fnMap":{"0":{"name":"(anonymous_0)","decl":{"start":{"line":22,"column":2},"end":{"line":22,"column":3}},"loc":{"start":{"line":22,"column":36},"end":{"line":29,"column":3}},"line":22},"1":{"name":"(anonymous_1)","decl":{"start":{"line":30,"column":2},"end":{"line":30,"column":3}},"loc":{"start":{"line":30,"column":12},"end":{"line":32,"column":3}},"line":30},"2":{"name":"(anonymous_2)","decl":{"start":{"line":33,"column":2},"end":{"line":33,"column":3}},"loc":{"start":{"line":33,"column":20},"end":{"line":35,"column":3}},"line":33},"3":{"name":"(anonymous_3)","decl":{"start":{"line":39,"column":2},"end":{"line":39,"column":3}},"loc":{"start":{"line":39,"column":26},"end":{"line":123,"column":3}},"line":39}},"branchMap":{"0":{"loc":{"start":{"line":49,"column":4},"end":{"line":116,"column":5}},"type":"switch","locations":[{"start":{"line":50,"column":6},"end":{"line":50,"column":34}},{"start":{"line":51,"column":6},"end":{"line":72,"column":7}},{"start":{"line":73,"column":6},"end":{"line":73,"column":35}},{"start":{"line":74,"column":6},"end":{"line":78,"column":7}},{"start":{"line":79,"column":6},"end":{"line":79,"column":35}},{"start":{"line":80,"column":6},"end":{"line":80,"column":37}},{"start":{"line":81,"column":6},"end":{"line":81,"column":43}},{"start":{"line":82,"column":6},"end":{"line":85,"column":7}},{"start":{"line":86,"column":6},"end":{"line":86,"column":32}},{"start":{"line":87,"column":6},"end":{"line":87,"column":34}},{"start":{"line":88,"column":6},"end":{"line":88,"column":32}},{"start":{"line":89,"column":6},"end":{"line":89,"column":34}},{"start":{"line":90,"column":6},"end":{"line":94,"column":7}},{"start":{"line":95,"column":6},"end":{"line":99,"column":7}},{"start":{"line":100,"column":6},"end":{"line":104,"column":7}},{"start":{"line":105,"column":6},"end":{"line":109,"column":7}},{"start":{"line":110,"column":6},"end":{"line":115,"column":7}}],"line":49},"1":{"loc":{"start":{"line":55,"column":8},"end":{"line":70,"column":9}},"type":"if","locations":[{"start":{"line":55,"column":8},"end":{"line":70,"column":9}},{"start":{},"end":{}}],"line":55},"2":{"loc":{"start":{"line":62,"column":14},"end":{"line":64,"column":50}},"type":"cond-expr","locations":[{"start":{"line":63,"column":18},"end":{"line":63,"column":49}},{"start":{"line":64,"column":18},"end":{"line":64,"column":50}}],"line":62},"3":{"loc":{"start":{"line":118,"column":4},"end":{"line":120,"column":5}},"type":"if","locations":[{"start":{"line":118,"column":4},"end":{"line":120,"column":5}},{"start":{},"end":{}}],"line":118},"4":{"loc":{"start":{"line":127,"column":4},"end":{"line":150,"column":5}},"type":"switch","locations":[{"start":{"line":128,"column":6},"end":{"line":128,"column":29}},{"start":{"line":129,"column":6},"end":{"line":129,"column":43}},{"start":{"line":130,"column":6},"end":{"line":130,"column":44}},{"start":{"line":131,"column":6},"end":{"line":131,"column":37}},{"start":{"line":132,"column":6},"end":{"line":132,"column":35}},{"start":{"line":133,"column":6},"end":{"line":133,"column":46}},{"start":{"line":134,"column":6},"end":{"line":146,"column":7}},{"start":{"line":147,"column":6},"end":{"line":149,"column":7}}],"line":127},"5":{"loc":{"start":{"line":154,"column":4},"end":{"line":171,"column":5}},"type":"if","locations":[{"start":{"line":154,"column":4},"end":{"line":171,"column":5}},{"start":{},"end":{}}],"line":154}},"s":{"0":1,"1":1,"2":1,"3":1,"4":1,"5":1,"6":1,"7":1,"8":0,"9":0,"10":0,"11":0,"12":0,"13":0,"14":0,"15":0,"16":0,"17":0,"18":0,"19":0,"20":0,"21":0,"22":0,"23":0,"24":0,"25":0,"26":0,"27":0,"28":0,"29":0,"30":0,"31":0,"32":0,"33":0,"34":0,"35":0,"36":0,"37":0,"38":0,"39":0,"40":0,"41":0,"42":0,"43":0,"44":0,"45":0,"46":0,"47":0,"48":0,"49":0,"50":0,"51":0,"52":0,"53":0,"54":0,"55":0,"56":0,"57":0,"58":0,"59":0,"60":0,"61":0,"62":0,"63":0,"64":0,"65":0,"66":0,"67":0,"68":0,"69":0},"f":{"0":0,"1":0,"2":0,"3":0},"b":{"0":[0,0,0,0,0,0,0,0,0,0,0,0,0,0,0,0,0],"1":[0,0],"2":[0,0],"3":[0,0],"4":[0,0,0,0,0,0,0,0],"5":[0,0]},"_coverageSchema":"1a1c01bbd47fc00a2c39e90264f33305004495a9","hash":"3a4c423d7a266172ca2cb1fedf20d1a19e061772"}
,"D:\\My\\rs-chat-all\\server\\src\\controller\\default-controller.js": {"path":"D:\\My\\rs-chat-all\\server\\src\\controller\\default-controller.js","statementMap":{"0":{"start":{"line":2,"column":31},"end":{"line":2,"column":94}},"1":{"start":{"line":3,"column":52},"end":{"line":3,"column":81}},"2":{"start":{"line":13,"column":0},"end":{"line":40,"column":2}},"3":{"start":{"line":15,"column":12},"end":{"line":15,"column":16}},"4":{"start":{"line":22,"column":4},"end":{"line":24,"column":5}},"5":{"start":{"line":23,"column":6},"end":{"line":23,"column":50}},"6":{"start":{"line":25,"column":35},"end":{"line":25,"column":80}},"7":{"start":{"line":26,"column":4},"end":{"line":28,"column":5}},"8":{"start":{"line":27,"column":6},"end":{"line":27,"column":57}},"9":{"start":{"line":29,"column":4},"end":{"line":29,"column":55}},"10":{"start":{"line":36,"column":4},"end":{"line":38,"column":6}}},"fnMap":{"0":{"name":"(anonymous_0)","decl":{"start":{"line":21,"column":2},"end":{"line":21,"column":3}},"loc":{"start":{"line":21,"column":25},"end":{"line":30,"column":3}},"line":21},"1":{"name":"(anonymous_1)","decl":{"start":{"line":35,"column":2},"end":{"line":35,"column":3}},"loc":{"start":{"line":35,"column":26},"end":{"line":39,"column":3}},"line":35}},"branchMap":{"0":{"loc":{"start":{"line":22,"column":4},"end":{"line":24,"column":5}},"type":"if","locations":[{"start":{"line":22,"column":4},"end":{"line":24,"column":5}},{"start":{},"end":{}}],"line":22},"1":{"loc":{"start":{"line":26,"column":4},"end":{"line":28,"column":5}},"type":"if","locations":[{"start":{"line":26,"column":4},"end":{"line":28,"column":5}},{"start":{},"end":{}}],"line":26}},"s":{"0":1,"1":1,"2":1,"3":0,"4":0,"5":0,"6":0,"7":0,"8":0,"9":0,"10":0},"f":{"0":0,"1":0},"b":{"0":[0,0],"1":[0,0]},"_coverageSchema":"1a1c01bbd47fc00a2c39e90264f33305004495a9","hash":"06c3bf96f9aa3527d0a4dcf9de1bb00df589ad15"}
,"D:\\My\\rs-chat-all\\server\\src\\controller\\default-handler.js": {"path":"D:\\My\\rs-chat-all\\server\\src\\controller\\default-handler.js","statementMap":{"0":{"start":{"line":1,"column":15},"end":{"line":1,"column":42}},"1":{"start":{"line":3,"column":0},"end":{"line":35,"column":2}},"2":{"start":{"line":5,"column":9},"end":{"line":5,"column":13}},"3":{"start":{"line":7,"column":16},"end":{"line":7,"column":20}},"4":{"start":{"line":8,"column":11},"end":{"line":8,"column":23}},"5":{"start":{"line":14,"column":4},"end":{"line":16,"column":5}},"6":{"start":{"line":15,"column":6},"end":{"line":15,"column":56}},"7":{"start":{"line":17,"column":4},"end":{"line":17,"column":16}},"8":{"start":{"line":23,"column":4},"end":{"line":23,"column":35}},"9":{"start":{"line":24,"column":4},"end":{"line":24,"column":28}},"10":{"start":{"line":31,"column":4},"end":{"line":33,"column":6}}},"fnMap":{"0":{"name":"(anonymous_0)","decl":{"start":{"line":13,"column":2},"end":{"line":13,"column":3}},"loc":{"start":{"line":13,"column":28},"end":{"line":18,"column":3}},"line":13},"1":{"name":"(anonymous_1)","decl":{"start":{"line":22,"column":2},"end":{"line":22,"column":3}},"loc":{"start":{"line":22,"column":30},"end":{"line":25,"column":3}},"line":22},"2":{"name":"(anonymous_2)","decl":{"start":{"line":30,"column":2},"end":{"line":30,"column":3}},"loc":{"start":{"line":30,"column":26},"end":{"line":34,"column":3}},"line":30}},"branchMap":{"0":{"loc":{"start":{"line":14,"column":4},"end":{"line":16,"column":5}},"type":"if","locations":[{"start":{"line":14,"column":4},"end":{"line":16,"column":5}},{"start":{},"end":{}}],"line":14},"1":{"loc":{"start":{"line":14,"column":8},"end":{"line":14,"column":64}},"type":"binary-expr","locations":[{"start":{"line":14,"column":8},"end":{"line":14,"column":44}},{"start":{"line":14,"column":48},"end":{"line":14,"column":64}}],"line":14}},"s":{"0":1,"1":1,"2":0,"3":0,"4":0,"5":0,"6":0,"7":0,"8":0,"9":0,"10":0},"f":{"0":0,"1":0,"2":0},"b":{"0":[0,0],"1":[0,0]},"_coverageSchema":"1a1c01bbd47fc00a2c39e90264f33305004495a9","hash":"5842f97f36717648fa6b817e222bd45d06354f55"}
,"D:\\My\\rs-chat-all\\server\\src\\controller\\default-messages.js": {"path":"D:\\My\\rs-chat-all\\server\\src\\controller\\default-messages.js","statementMap":{"0":{"start":{"line":1,"column":24},"end":{"line":1,"column":53}},"1":{"start":{"line":2,"column":21},"end":{"line":2,"column":48}},"2":{"start":{"line":3,"column":24},"end":{"line":3,"column":54}},"3":{"start":{"line":4,"column":31},"end":{"line":4,"column":54}},"4":{"start":{"line":6,"column":0},"end":{"line":11,"column":2}}},"fnMap":{},"branchMap":{},"s":{"0":1,"1":1,"2":1,"3":1,"4":1},"f":{},"b":{},"_coverageSchema":"1a1c01bbd47fc00a2c39e90264f33305004495a9","hash":"2b4e95b0cb906fb7e9b9f3c680da77a152268ce6"}
,"D:\\My\\rs-chat-all\\server\\src\\controller\\auth\\auth-controller.js": {"path":"D:\\My\\rs-chat-all\\server\\src\\controller\\auth\\auth-controller.js","statementMap":{"0":{"start":{"line":1,"column":26},"end":{"line":1,"column":58}},"1":{"start":{"line":2,"column":21},"end":{"line":2,"column":56}},"2":{"start":{"line":3,"column":22},"end":{"line":3,"column":58}},"3":{"start":{"line":4,"column":29},"end":{"line":4,"column":73}},"4":{"start":{"line":5,"column":30},"end":{"line":5,"column":75}},"5":{"start":{"line":14,"column":0},"end":{"line":23,"column":2}},"6":{"start":{"line":16,"column":4},"end":{"line":16,"column":12}},"7":{"start":{"line":17,"column":4},"end":{"line":17,"column":38}},"8":{"start":{"line":18,"column":4},"end":{"line":21,"column":51}}},"fnMap":{"0":{"name":"(anonymous_0)","decl":{"start":{"line":15,"column":2},"end":{"line":15,"column":3}},"loc":{"start":{"line":15,"column":16},"end":{"line":22,"column":3}},"line":15}},"branchMap":{},"s":{"0":1,"1":1,"2":1,"3":1,"4":1,"5":1,"6":0,"7":0,"8":0},"f":{"0":0},"b":{},"_coverageSchema":"1a1c01bbd47fc00a2c39e90264f33305004495a9","hash":"5d7765bb39e2e0413112e0752274b2a0dce3cad3"}
,"D:\\My\\rs-chat-all\\server\\src\\controller\\auth\\handlers\\handler-messages.js": {"path":"D:\\My\\rs-chat-all\\server\\src\\controller\\auth\\handlers\\handler-messages.js","statementMap":{"0":{"start":{"line":1,"column":35},"end":{"line":1,"column":69}},"1":{"start":{"line":2,"column":38},"end":{"line":2,"column":58}},"2":{"start":{"line":3,"column":41},"end":{"line":3,"column":87}},"3":{"start":{"line":4,"column":33},"end":{"line":4,"column":72}},"4":{"start":{"line":5,"column":36},"end":{"line":5,"column":65}},"5":{"start":{"line":7,"column":0},"end":{"line":13,"column":2}}},"fnMap":{},"branchMap":{},"s":{"0":1,"1":1,"2":1,"3":1,"4":1,"5":1},"f":{},"b":{},"_coverageSchema":"1a1c01bbd47fc00a2c39e90264f33305004495a9","hash":"18cf9d8e420150fc580512de6ff925f105ebff07"}
,"D:\\My\\rs-chat-all\\server\\src\\controller\\auth\\handlers\\login-external-handler.js": {"path":"D:\\My\\rs-chat-all\\server\\src\\controller\\auth\\handlers\\login-external-handler.js","statementMap":{"0":{"start":{"line":1,"column":23},"end":{"line":1,"column":63}},"1":{"start":{"line":2,"column":23},"end":{"line":2,"column":55}},"2":{"start":{"line":3,"column":25},"end":{"line":3,"column":58}},"3":{"start":{"line":5,"column":0},"end":{"line":29,"column":2}},"4":{"start":{"line":6,"column":9},"end":{"line":6,"column":40}},"5":{"start":{"line":12,"column":4},"end":{"line":14,"column":5}},"6":{"start":{"line":13,"column":6},"end":{"line":13,"column":46}},"7":{"start":{"line":15,"column":4},"end":{"line":17,"column":5}},"8":{"start":{"line":16,"column":6},"end":{"line":16,"column":47}},"9":{"start":{"line":20,"column":26},"end":{"line":20,"column":75}},"10":{"start":{"line":21,"column":4},"end":{"line":25,"column":7}},"11":{"start":{"line":22,"column":6},"end":{"line":24,"column":7}},"12":{"start":{"line":23,"column":8},"end":{"line":23,"column":43}},"13":{"start":{"line":27,"column":4},"end":{"line":27,"column":16}}},"fnMap":{"0":{"name":"(anonymous_0)","decl":{"start":{"line":11,"column":2},"end":{"line":11,"column":3}},"loc":{"start":{"line":11,"column":18},"end":{"line":28,"column":3}},"line":11},"1":{"name":"(anonymous_1)","decl":{"start":{"line":21,"column":26},"end":{"line":21,"column":27}},"loc":{"start":{"line":21,"column":42},"end":{"line":25,"column":5}},"line":21}},"branchMap":{"0":{"loc":{"start":{"line":12,"column":4},"end":{"line":14,"column":5}},"type":"if","locations":[{"start":{"line":12,"column":4},"end":{"line":14,"column":5}},{"start":{},"end":{}}],"line":12},"1":{"loc":{"start":{"line":12,"column":8},"end":{"line":12,"column":54}},"type":"binary-expr","locations":[{"start":{"line":12,"column":8},"end":{"line":12,"column":34}},{"start":{"line":12,"column":38},"end":{"line":12,"column":54}}],"line":12},"2":{"loc":{"start":{"line":15,"column":4},"end":{"line":17,"column":5}},"type":"if","locations":[{"start":{"line":15,"column":4},"end":{"line":17,"column":5}},{"start":{},"end":{}}],"line":15},"3":{"loc":{"start":{"line":15,"column":8},"end":{"line":15,"column":55}},"type":"binary-expr","locations":[{"start":{"line":15,"column":8},"end":{"line":15,"column":34}},{"start":{"line":15,"column":38},"end":{"line":15,"column":55}}],"line":15},"4":{"loc":{"start":{"line":22,"column":6},"end":{"line":24,"column":7}},"type":"if","locations":[{"start":{"line":22,"column":6},"end":{"line":24,"column":7}},{"start":{},"end":{}}],"line":22}},"s":{"0":1,"1":1,"2":1,"3":1,"4":0,"5":0,"6":0,"7":0,"8":0,"9":0,"10":0,"11":0,"12":0,"13":0},"f":{"0":0,"1":0},"b":{"0":[0,0],"1":[0,0],"2":[0,0],"3":[0,0],"4":[0,0]},"_coverageSchema":"1a1c01bbd47fc00a2c39e90264f33305004495a9","hash":"9016438769246502db9daa61c69c9da551c742c9"}
,"D:\\My\\rs-chat-all\\server\\src\\controller\\auth\\handlers\\login-handler.js": {"path":"D:\\My\\rs-chat-all\\server\\src\\controller\\auth\\handlers\\login-handler.js","statementMap":{"0":{"start":{"line":1,"column":18},"end":{"line":1,"column":59}},"1":{"start":{"line":2,"column":18},"end":{"line":2,"column":52}},"2":{"start":{"line":3,"column":23},"end":{"line":3,"column":55}},"3":{"start":{"line":4,"column":76},"end":{"line":4,"column":105}},"4":{"start":{"line":5,"column":42},"end":{"line":5,"column":75}},"5":{"start":{"line":7,"column":0},"end":{"line":56,"column":2}},"6":{"start":{"line":8,"column":9},"end":{"line":8,"column":31}},"7":{"start":{"line":14,"column":4},"end":{"line":16,"column":5}},"8":{"start":{"line":15,"column":6},"end":{"line":15,"column":56}},"9":{"start":{"line":17,"column":4},"end":{"line":19,"column":5}},"10":{"start":{"line":18,"column":6},"end":{"line":18,"column":47}},"11":{"start":{"line":21,"column":4},"end":{"line":23,"column":5}},"12":{"start":{"line":22,"column":6},"end":{"line":22,"column":50}},"13":{"start":{"line":25,"column":19},"end":{"line":30,"column":5}},"14":{"start":{"line":32,"column":22},"end":{"line":32,"column":45}},"15":{"start":{"line":33,"column":22},"end":{"line":33,"column":77}},"16":{"start":{"line":35,"column":4},"end":{"line":44,"column":5}},"17":{"start":{"line":36,"column":22},"end":{"line":36,"column":37}},"18":{"start":{"line":37,"column":6},"end":{"line":37,"column":59}},"19":{"start":{"line":38,"column":6},"end":{"line":38,"column":65}},"20":{"start":{"line":40,"column":26},"end":{"line":40,"column":52}},"21":{"start":{"line":41,"column":6},"end":{"line":41,"column":38}},"22":{"start":{"line":43,"column":6},"end":{"line":43,"column":20}},"23":{"start":{"line":45,"column":4},"end":{"line":47,"column":5}},"24":{"start":{"line":46,"column":6},"end":{"line":46,"column":67}},"25":{"start":{"line":48,"column":4},"end":{"line":50,"column":5}},"26":{"start":{"line":49,"column":6},"end":{"line":49,"column":64}},"27":{"start":{"line":52,"column":4},"end":{"line":52,"column":31}},"28":{"start":{"line":54,"column":4},"end":{"line":54,"column":18}}},"fnMap":{"0":{"name":"(anonymous_0)","decl":{"start":{"line":13,"column":2},"end":{"line":13,"column":3}},"loc":{"start":{"line":13,"column":28},"end":{"line":55,"column":3}},"line":13}},"branchMap":{"0":{"loc":{"start":{"line":14,"column":4},"end":{"line":16,"column":5}},"type":"if","locations":[{"start":{"line":14,"column":4},"end":{"line":16,"column":5}},{"start":{},"end":{}}],"line":14},"1":{"loc":{"start":{"line":14,"column":8},"end":{"line":14,"column":64}},"type":"binary-expr","locations":[{"start":{"line":14,"column":8},"end":{"line":14,"column":44}},{"start":{"line":14,"column":48},"end":{"line":14,"column":64}}],"line":14},"2":{"loc":{"start":{"line":17,"column":4},"end":{"line":19,"column":5}},"type":"if","locations":[{"start":{"line":17,"column":4},"end":{"line":19,"column":5}},{"start":{},"end":{}}],"line":17},"3":{"loc":{"start":{"line":17,"column":8},"end":{"line":17,"column":65}},"type":"binary-expr","locations":[{"start":{"line":17,"column":8},"end":{"line":17,"column":44}},{"start":{"line":17,"column":48},"end":{"line":17,"column":65}}],"line":17},"4":{"loc":{"start":{"line":21,"column":4},"end":{"line":23,"column":5}},"type":"if","locations":[{"start":{"line":21,"column":4},"end":{"line":23,"column":5}},{"start":{},"end":{}}],"line":21},"5":{"loc":{"start":{"line":35,"column":4},"end":{"line":44,"column":5}},"type":"if","locations":[{"start":{"line":35,"column":4},"end":{"line":44,"column":5}},{"start":{},"end":{}}],"line":35},"6":{"loc":{"start":{"line":45,"column":4},"end":{"line":47,"column":5}},"type":"if","locations":[{"start":{"line":45,"column":4},"end":{"line":47,"column":5}},{"start":{},"end":{}}],"line":45},"7":{"loc":{"start":{"line":48,"column":4},"end":{"line":50,"column":5}},"type":"if","locations":[{"start":{"line":48,"column":4},"end":{"line":50,"column":5}},{"start":{},"end":{}}],"line":48}},"s":{"0":1,"1":1,"2":1,"3":1,"4":1,"5":1,"6":0,"7":0,"8":0,"9":0,"10":0,"11":0,"12":0,"13":0,"14":0,"15":0,"16":0,"17":0,"18":0,"19":0,"20":0,"21":0,"22":0,"23":0,"24":0,"25":0,"26":0,"27":0,"28":0},"f":{"0":0},"b":{"0":[0,0],"1":[0,0],"2":[0,0],"3":[0,0],"4":[0,0],"5":[0,0],"6":[0,0],"7":[0,0]},"_coverageSchema":"1a1c01bbd47fc00a2c39e90264f33305004495a9","hash":"b99ad00e9f50466b13862e4ade5eb596cff9ae36"}
,"D:\\My\\rs-chat-all\\server\\src\\controller\\auth\\handlers\\logout-external-handler.js": {"path":"D:\\My\\rs-chat-all\\server\\src\\controller\\auth\\handlers\\logout-external-handler.js","statementMap":{"0":{"start":{"line":1,"column":29},"end":{"line":1,"column":64}},"1":{"start":{"line":3,"column":0},"end":{"line":5,"column":2}},"2":{"start":{"line":4,"column":9},"end":{"line":4,"column":41}}},"fnMap":{},"branchMap":{},"s":{"0":1,"1":1,"2":0},"f":{},"b":{},"_coverageSchema":"1a1c01bbd47fc00a2c39e90264f33305004495a9","hash":"7897c2e97bc25058ee9ac216ac5649c9c4f149a6"}
,"D:\\My\\rs-chat-all\\server\\src\\controller\\auth\\handlers\\logout-handler.js": {"path":"D:\\My\\rs-chat-all\\server\\src\\controller\\auth\\handlers\\logout-handler.js","statementMap":{"0":{"start":{"line":1,"column":18},"end":{"line":1,"column":59}},"1":{"start":{"line":2,"column":18},"end":{"line":2,"column":52}},"2":{"start":{"line":3,"column":23},"end":{"line":3,"column":55}},"3":{"start":{"line":8,"column":4},"end":{"line":8,"column":33}},"4":{"start":{"line":9,"column":42},"end":{"line":9,"column":75}},"5":{"start":{"line":11,"column":0},"end":{"line":53,"column":2}},"6":{"start":{"line":12,"column":9},"end":{"line":12,"column":32}},"7":{"start":{"line":18,"column":4},"end":{"line":20,"column":5}},"8":{"start":{"line":19,"column":6},"end":{"line":19,"column":56}},"9":{"start":{"line":21,"column":4},"end":{"line":23,"column":5}},"10":{"start":{"line":22,"column":6},"end":{"line":22,"column":47}},"11":{"start":{"line":25,"column":4},"end":{"line":27,"column":5}},"12":{"start":{"line":26,"column":6},"end":{"line":26,"column":50}},"13":{"start":{"line":29,"column":19},"end":{"line":34,"column":5}},"14":{"start":{"line":36,"column":22},"end":{"line":36,"column":45}},"15":{"start":{"line":37,"column":22},"end":{"line":37,"column":77}},"16":{"start":{"line":39,"column":4},"end":{"line":41,"column":5}},"17":{"start":{"line":40,"column":6},"end":{"line":40,"column":61}},"18":{"start":{"line":42,"column":4},"end":{"line":44,"column":5}},"19":{"start":{"line":43,"column":6},"end":{"line":43,"column":64}},"20":{"start":{"line":45,"column":4},"end":{"line":47,"column":5}},"21":{"start":{"line":46,"column":6},"end":{"line":46,"column":62}},"22":{"start":{"line":49,"column":4},"end":{"line":49,"column":32}},"23":{"start":{"line":51,"column":4},"end":{"line":51,"column":18}}},"fnMap":{"0":{"name":"(anonymous_0)","decl":{"start":{"line":17,"column":2},"end":{"line":17,"column":3}},"loc":{"start":{"line":17,"column":28},"end":{"line":52,"column":3}},"line":17}},"branchMap":{"0":{"loc":{"start":{"line":18,"column":4},"end":{"line":20,"column":5}},"type":"if","locations":[{"start":{"line":18,"column":4},"end":{"line":20,"column":5}},{"start":{},"end":{}}],"line":18},"1":{"loc":{"start":{"line":18,"column":8},"end":{"line":18,"column":64}},"type":"binary-expr","locations":[{"start":{"line":18,"column":8},"end":{"line":18,"column":44}},{"start":{"line":18,"column":48},"end":{"line":18,"column":64}}],"line":18},"2":{"loc":{"start":{"line":21,"column":4},"end":{"line":23,"column":5}},"type":"if","locations":[{"start":{"line":21,"column":4},"end":{"line":23,"column":5}},{"start":{},"end":{}}],"line":21},"3":{"loc":{"start":{"line":21,"column":8},"end":{"line":21,"column":65}},"type":"binary-expr","locations":[{"start":{"line":21,"column":8},"end":{"line":21,"column":44}},{"start":{"line":21,"column":48},"end":{"line":21,"column":65}}],"line":21},"4":{"loc":{"start":{"line":25,"column":4},"end":{"line":27,"column":5}},"type":"if","locations":[{"start":{"line":25,"column":4},"end":{"line":27,"column":5}},{"start":{},"end":{}}],"line":25},"5":{"loc":{"start":{"line":39,"column":4},"end":{"line":41,"column":5}},"type":"if","locations":[{"start":{"line":39,"column":4},"end":{"line":41,"column":5}},{"start":{},"end":{}}],"line":39},"6":{"loc":{"start":{"line":39,"column":8},"end":{"line":39,"column":54}},"type":"binary-expr","locations":[{"start":{"line":39,"column":8},"end":{"line":39,"column":26}},{"start":{"line":39,"column":30},"end":{"line":39,"column":54}}],"line":39},"7":{"loc":{"start":{"line":42,"column":4},"end":{"line":44,"column":5}},"type":"if","locations":[{"start":{"line":42,"column":4},"end":{"line":44,"column":5}},{"start":{},"end":{}}],"line":42},"8":{"loc":{"start":{"line":45,"column":4},"end":{"line":47,"column":5}},"type":"if","locations":[{"start":{"line":45,"column":4},"end":{"line":47,"column":5}},{"start":{},"end":{}}],"line":45}},"s":{"0":1,"1":1,"2":1,"3":1,"4":1,"5":1,"6":0,"7":0,"8":0,"9":0,"10":0,"11":0,"12":0,"13":0,"14":0,"15":0,"16":0,"17":0,"18":0,"19":0,"20":0,"21":0,"22":0,"23":0},"f":{"0":0},"b":{"0":[0,0],"1":[0,0],"2":[0,0],"3":[0,0],"4":[0,0],"5":[0,0],"6":[0,0],"7":[0,0],"8":[0,0]},"_coverageSchema":"1a1c01bbd47fc00a2c39e90264f33305004495a9","hash":"7438026d46d385c8fd95eb12a7c47e029a160a4b"}
,"D:\\My\\rs-chat-all\\server\\src\\controller\\message\\message-controller.js": {"path":"D:\\My\\rs-chat-all\\server\\src\\controller\\message\\message-controller.js","statementMap":{"0":{"start":{"line":1,"column":26},"end":{"line":1,"column":58}},"1":{"start":{"line":2,"column":31},"end":{"line":2,"column":78}},"2":{"start":{"line":3,"column":27},"end":{"line":3,"column":69}},"3":{"start":{"line":4,"column":29},"end":{"line":4,"column":73}},"4":{"start":{"line":5,"column":27},"end":{"line":5,"column":69}},"5":{"start":{"line":6,"column":29},"end":{"line":6,"column":73}},"6":{"start":{"line":25,"column":0},"end":{"line":43,"column":2}},"7":{"start":{"line":30,"column":4},"end":{"line":30,"column":12}},"8":{"start":{"line":32,"column":27},"end":{"line":32,"column":31}},"9":{"start":{"line":33,"column":4},"end":{"line":35,"column":5}},"10":{"start":{"line":34,"column":6},"end":{"line":34,"column":43}},"11":{"start":{"line":36,"column":4},"end":{"line":36,"column":60}},"12":{"start":{"line":37,"column":4},"end":{"line":41,"column":66}}},"fnMap":{"0":{"name":"(anonymous_0)","decl":{"start":{"line":29,"column":2},"end":{"line":29,"column":3}},"loc":{"start":{"line":29,"column":34},"end":{"line":42,"column":3}},"line":29}},"branchMap":{"0":{"loc":{"start":{"line":29,"column":14},"end":{"line":29,"column":32}},"type":"default-arg","locations":[{"start":{"line":29,"column":28},"end":{"line":29,"column":32}}],"line":29},"1":{"loc":{"start":{"line":33,"column":4},"end":{"line":35,"column":5}},"type":"if","locations":[{"start":{"line":33,"column":4},"end":{"line":35,"column":5}},{"start":{},"end":{}}],"line":33}},"s":{"0":1,"1":1,"2":1,"3":1,"4":1,"5":1,"6":1,"7":0,"8":0,"9":0,"10":0,"11":0,"12":0},"f":{"0":0},"b":{"0":[0],"1":[0,0]},"_coverageSchema":"1a1c01bbd47fc00a2c39e90264f33305004495a9","hash":"7c9197e3413fa53ea821f8da2db2f4dd303dc6d1"}
,"D:\\My\\rs-chat-all\\server\\src\\controller\\message\\handlers\\handler-messages.js": {"path":"D:\\My\\rs-chat-all\\server\\src\\controller\\message\\handlers\\handler-messages.js","statementMap":{"0":{"start":{"line":1,"column":31},"end":{"line":1,"column":61}},"1":{"start":{"line":3,"column":35},"end":{"line":3,"column":57}},"2":{"start":{"line":4,"column":33},"end":{"line":4,"column":75}},"3":{"start":{"line":5,"column":35},"end":{"line":5,"column":85}},"4":{"start":{"line":6,"column":32},"end":{"line":6,"column":68}},"5":{"start":{"line":7,"column":34},"end":{"line":7,"column":73}},"6":{"start":{"line":9,"column":0},"end":{"line":16,"column":2}}},"fnMap":{},"branchMap":{},"s":{"0":1,"1":1,"2":1,"3":1,"4":1,"5":1,"6":1},"f":{},"b":{},"_coverageSchema":"1a1c01bbd47fc00a2c39e90264f33305004495a9","hash":"f630bb19840e225b93cf8d4fb87ffa087b1786e4"}
,"D:\\My\\rs-chat-all\\server\\src\\controller\\message\\handlers\\message-delete-handler.js": {"path":"D:\\My\\rs-chat-all\\server\\src\\controller\\message\\handlers\\message-delete-handler.js","statementMap":{"0":{"start":{"line":1,"column":20},"end":{"line":1,"column":57}},"1":{"start":{"line":2,"column":23},"end":{"line":2,"column":55}},"2":{"start":{"line":3,"column":23},"end":{"line":3,"column":63}},"3":{"start":{"line":4,"column":64},"end":{"line":4,"column":93}},"4":{"start":{"line":5,"column":42},"end":{"line":5,"column":75}},"5":{"start":{"line":7,"column":0},"end":{"line":72,"column":2}},"6":{"start":{"line":8,"column":9},"end":{"line":8,"column":31}},"7":{"start":{"line":13,"column":4},"end":{"line":13,"column":12}},"8":{"start":{"line":14,"column":4},"end":{"line":14,"column":45}},"9":{"start":{"line":21,"column":4},"end":{"line":23,"column":5}},"10":{"start":{"line":22,"column":6},"end":{"line":22,"column":46}},"11":{"start":{"line":24,"column":4},"end":{"line":26,"column":5}},"12":{"start":{"line":25,"column":6},"end":{"line":25,"column":47}},"13":{"start":{"line":28,"column":4},"end":{"line":30,"column":5}},"14":{"start":{"line":29,"column":6},"end":{"line":29,"column":50}},"15":{"start":{"line":32,"column":24},"end":{"line":32,"column":49}},"16":{"start":{"line":34,"column":16},"end":{"line":34,"column":70}},"17":{"start":{"line":35,"column":4},"end":{"line":37,"column":5}},"18":{"start":{"line":36,"column":6},"end":{"line":36,"column":61}},"19":{"start":{"line":39,"column":19},"end":{"line":39,"column":27}},"20":{"start":{"line":40,"column":21},"end":{"line":40,"column":27}},"21":{"start":{"line":41,"column":4},"end":{"line":43,"column":5}},"22":{"start":{"line":42,"column":6},"end":{"line":42,"column":58}},"23":{"start":{"line":45,"column":22},"end":{"line":45,"column":75}},"24":{"start":{"line":46,"column":4},"end":{"line":48,"column":5}},"25":{"start":{"line":47,"column":6},"end":{"line":47,"column":61}},"26":{"start":{"line":50,"column":19},"end":{"line":57,"column":5}},"27":{"start":{"line":59,"column":28},"end":{"line":59,"column":56}},"28":{"start":{"line":60,"column":27},"end":{"line":60,"column":73}},"29":{"start":{"line":61,"column":4},"end":{"line":68,"column":5}},"30":{"start":{"line":62,"column":26},"end":{"line":66,"column":7}},"31":{"start":{"line":67,"column":6},"end":{"line":67,"column":49}},"32":{"start":{"line":70,"column":4},"end":{"line":70,"column":18}}},"fnMap":{"0":{"name":"(anonymous_0)","decl":{"start":{"line":12,"column":2},"end":{"line":12,"column":3}},"loc":{"start":{"line":12,"column":32},"end":{"line":15,"column":3}},"line":12},"1":{"name":"(anonymous_1)","decl":{"start":{"line":20,"column":2},"end":{"line":20,"column":3}},"loc":{"start":{"line":20,"column":18},"end":{"line":71,"column":3}},"line":20}},"branchMap":{"0":{"loc":{"start":{"line":21,"column":4},"end":{"line":23,"column":5}},"type":"if","locations":[{"start":{"line":21,"column":4},"end":{"line":23,"column":5}},{"start":{},"end":{}}],"line":21},"1":{"loc":{"start":{"line":21,"column":8},"end":{"line":21,"column":54}},"type":"binary-expr","locations":[{"start":{"line":21,"column":8},"end":{"line":21,"column":34}},{"start":{"line":21,"column":38},"end":{"line":21,"column":54}}],"line":21},"2":{"loc":{"start":{"line":24,"column":4},"end":{"line":26,"column":5}},"type":"if","locations":[{"start":{"line":24,"column":4},"end":{"line":26,"column":5}},{"start":{},"end":{}}],"line":24},"3":{"loc":{"start":{"line":24,"column":8},"end":{"line":24,"column":55}},"type":"binary-expr","locations":[{"start":{"line":24,"column":8},"end":{"line":24,"column":34}},{"start":{"line":24,"column":38},"end":{"line":24,"column":55}}],"line":24},"4":{"loc":{"start":{"line":28,"column":4},"end":{"line":30,"column":5}},"type":"if","locations":[{"start":{"line":28,"column":4},"end":{"line":30,"column":5}},{"start":{},"end":{}}],"line":28},"5":{"loc":{"start":{"line":35,"column":4},"end":{"line":37,"column":5}},"type":"if","locations":[{"start":{"line":35,"column":4},"end":{"line":37,"column":5}},{"start":{},"end":{}}],"line":35},"6":{"loc":{"start":{"line":41,"column":4},"end":{"line":43,"column":5}},"type":"if","locations":[{"start":{"line":41,"column":4},"end":{"line":43,"column":5}},{"start":{},"end":{}}],"line":41},"7":{"loc":{"start":{"line":46,"column":4},"end":{"line":48,"column":5}},"type":"if","locations":[{"start":{"line":46,"column":4},"end":{"line":48,"column":5}},{"start":{},"end":{}}],"line":46},"8":{"loc":{"start":{"line":61,"column":4},"end":{"line":68,"column":5}},"type":"if","locations":[{"start":{"line":61,"column":4},"end":{"line":68,"column":5}},{"start":{},"end":{}}],"line":61}},"s":{"0":1,"1":1,"2":1,"3":1,"4":1,"5":1,"6":0,"7":0,"8":0,"9":0,"10":0,"11":0,"12":0,"13":0,"14":0,"15":0,"16":0,"17":0,"18":0,"19":0,"20":0,"21":0,"22":0,"23":0,"24":0,"25":0,"26":0,"27":0,"28":0,"29":0,"30":0,"31":0,"32":0},"f":{"0":0,"1":0},"b":{"0":[0,0],"1":[0,0],"2":[0,0],"3":[0,0],"4":[0,0],"5":[0,0],"6":[0,0],"7":[0,0],"8":[0,0]},"_coverageSchema":"1a1c01bbd47fc00a2c39e90264f33305004495a9","hash":"cf386eab30229c62d609982438f927a439e0d0af"}
,"D:\\My\\rs-chat-all\\server\\src\\controller\\message\\handlers\\message-edit-handler.js": {"path":"D:\\My\\rs-chat-all\\server\\src\\controller\\message\\handlers\\message-edit-handler.js","statementMap":{"0":{"start":{"line":1,"column":20},"end":{"line":1,"column":57}},"1":{"start":{"line":2,"column":23},"end":{"line":2,"column":55}},"2":{"start":{"line":3,"column":23},"end":{"line":3,"column":63}},"3":{"start":{"line":4,"column":64},"end":{"line":4,"column":93}},"4":{"start":{"line":5,"column":42},"end":{"line":5,"column":75}},"5":{"start":{"line":7,"column":0},"end":{"line":73,"column":2}},"6":{"start":{"line":8,"column":9},"end":{"line":8,"column":29}},"7":{"start":{"line":13,"column":4},"end":{"line":13,"column":12}},"8":{"start":{"line":14,"column":4},"end":{"line":14,"column":45}},"9":{"start":{"line":21,"column":4},"end":{"line":23,"column":5}},"10":{"start":{"line":22,"column":6},"end":{"line":22,"column":46}},"11":{"start":{"line":24,"column":4},"end":{"line":26,"column":5}},"12":{"start":{"line":25,"column":6},"end":{"line":25,"column":47}},"13":{"start":{"line":28,"column":4},"end":{"line":30,"column":5}},"14":{"start":{"line":29,"column":6},"end":{"line":29,"column":50}},"15":{"start":{"line":32,"column":24},"end":{"line":32,"column":49}},"16":{"start":{"line":34,"column":16},"end":{"line":34,"column":70}},"17":{"start":{"line":35,"column":4},"end":{"line":37,"column":5}},"18":{"start":{"line":36,"column":6},"end":{"line":36,"column":61}},"19":{"start":{"line":39,"column":19},"end":{"line":39,"column":27}},"20":{"start":{"line":40,"column":21},"end":{"line":40,"column":27}},"21":{"start":{"line":41,"column":4},"end":{"line":43,"column":5}},"22":{"start":{"line":42,"column":6},"end":{"line":42,"column":58}},"23":{"start":{"line":45,"column":21},"end":{"line":45,"column":102}},"24":{"start":{"line":46,"column":4},"end":{"line":48,"column":5}},"25":{"start":{"line":47,"column":6},"end":{"line":47,"column":61}},"26":{"start":{"line":50,"column":19},"end":{"line":58,"column":5}},"27":{"start":{"line":60,"column":28},"end":{"line":60,"column":56}},"28":{"start":{"line":61,"column":27},"end":{"line":61,"column":73}},"29":{"start":{"line":62,"column":4},"end":{"line":69,"column":5}},"30":{"start":{"line":63,"column":26},"end":{"line":67,"column":7}},"31":{"start":{"line":68,"column":6},"end":{"line":68,"column":49}},"32":{"start":{"line":71,"column":4},"end":{"line":71,"column":18}}},"fnMap":{"0":{"name":"(anonymous_0)","decl":{"start":{"line":12,"column":2},"end":{"line":12,"column":3}},"loc":{"start":{"line":12,"column":32},"end":{"line":15,"column":3}},"line":12},"1":{"name":"(anonymous_1)","decl":{"start":{"line":20,"column":2},"end":{"line":20,"column":3}},"loc":{"start":{"line":20,"column":18},"end":{"line":72,"column":3}},"line":20}},"branchMap":{"0":{"loc":{"start":{"line":21,"column":4},"end":{"line":23,"column":5}},"type":"if","locations":[{"start":{"line":21,"column":4},"end":{"line":23,"column":5}},{"start":{},"end":{}}],"line":21},"1":{"loc":{"start":{"line":21,"column":8},"end":{"line":21,"column":54}},"type":"binary-expr","locations":[{"start":{"line":21,"column":8},"end":{"line":21,"column":34}},{"start":{"line":21,"column":38},"end":{"line":21,"column":54}}],"line":21},"2":{"loc":{"start":{"line":24,"column":4},"end":{"line":26,"column":5}},"type":"if","locations":[{"start":{"line":24,"column":4},"end":{"line":26,"column":5}},{"start":{},"end":{}}],"line":24},"3":{"loc":{"start":{"line":24,"column":8},"end":{"line":24,"column":55}},"type":"binary-expr","locations":[{"start":{"line":24,"column":8},"end":{"line":24,"column":34}},{"start":{"line":24,"column":38},"end":{"line":24,"column":55}}],"line":24},"4":{"loc":{"start":{"line":28,"column":4},"end":{"line":30,"column":5}},"type":"if","locations":[{"start":{"line":28,"column":4},"end":{"line":30,"column":5}},{"start":{},"end":{}}],"line":28},"5":{"loc":{"start":{"line":28,"column":8},"end":{"line":28,"column":106}},"type":"binary-expr","locations":[{"start":{"line":28,"column":8},"end":{"line":28,"column":54}},{"start":{"line":28,"column":58},"end":{"line":28,"column":106}}],"line":28},"6":{"loc":{"start":{"line":35,"column":4},"end":{"line":37,"column":5}},"type":"if","locations":[{"start":{"line":35,"column":4},"end":{"line":37,"column":5}},{"start":{},"end":{}}],"line":35},"7":{"loc":{"start":{"line":41,"column":4},"end":{"line":43,"column":5}},"type":"if","locations":[{"start":{"line":41,"column":4},"end":{"line":43,"column":5}},{"start":{},"end":{}}],"line":41},"8":{"loc":{"start":{"line":46,"column":4},"end":{"line":48,"column":5}},"type":"if","locations":[{"start":{"line":46,"column":4},"end":{"line":48,"column":5}},{"start":{},"end":{}}],"line":46},"9":{"loc":{"start":{"line":62,"column":4},"end":{"line":69,"column":5}},"type":"if","locations":[{"start":{"line":62,"column":4},"end":{"line":69,"column":5}},{"start":{},"end":{}}],"line":62}},"s":{"0":1,"1":1,"2":1,"3":1,"4":1,"5":1,"6":0,"7":0,"8":0,"9":0,"10":0,"11":0,"12":0,"13":0,"14":0,"15":0,"16":0,"17":0,"18":0,"19":0,"20":0,"21":0,"22":0,"23":0,"24":0,"25":0,"26":0,"27":0,"28":0,"29":0,"30":0,"31":0,"32":0},"f":{"0":0,"1":0},"b":{"0":[0,0],"1":[0,0],"2":[0,0],"3":[0,0],"4":[0,0],"5":[0,0],"6":[0,0],"7":[0,0],"8":[0,0],"9":[0,0]},"_coverageSchema":"1a1c01bbd47fc00a2c39e90264f33305004495a9","hash":"6c2e1fafbe3cbe0796c9be484969f3142b7b5bce"}
,"D:\\My\\rs-chat-all\\server\\src\\controller\\message\\handlers\\message-from-user-handler.js": {"path":"D:\\My\\rs-chat-all\\server\\src\\controller\\message\\handlers\\message-from-user-handler.js","statementMap":{"0":{"start":{"line":1,"column":20},"end":{"line":1,"column":57}},"1":{"start":{"line":2,"column":23},"end":{"line":2,"column":55}},"2":{"start":{"line":3,"column":23},"end":{"line":3,"column":63}},"3":{"start":{"line":4,"column":37},"end":{"line":4,"column":66}},"4":{"start":{"line":5,"column":42},"end":{"line":5,"column":75}},"5":{"start":{"line":7,"column":0},"end":{"line":82,"column":2}},"6":{"start":{"line":8,"column":9},"end":{"line":8,"column":34}},"7":{"start":{"line":13,"column":4},"end":{"line":13,"column":12}},"8":{"start":{"line":14,"column":4},"end":{"line":14,"column":45}},"9":{"start":{"line":21,"column":4},"end":{"line":23,"column":5}},"10":{"start":{"line":22,"column":6},"end":{"line":22,"column":46}},"11":{"start":{"line":24,"column":4},"end":{"line":26,"column":5}},"12":{"start":{"line":25,"column":6},"end":{"line":25,"column":47}},"13":{"start":{"line":28,"column":4},"end":{"line":30,"column":5}},"14":{"start":{"line":29,"column":6},"end":{"line":29,"column":50}},"15":{"start":{"line":32,"column":4},"end":{"line":34,"column":5}},"16":{"start":{"line":33,"column":6},"end":{"line":33,"column":59}},"17":{"start":{"line":36,"column":19},"end":{"line":38,"column":5}},"18":{"start":{"line":40,"column":24},"end":{"line":40,"column":49}},"19":{"start":{"line":41,"column":32},"end":{"line":41,"column":117}},"20":{"start":{"line":42,"column":30},"end":{"line":42,"column":115}},"21":{"start":{"line":43,"column":4},"end":{"line":49,"column":7}},"22":{"start":{"line":44,"column":6},"end":{"line":48,"column":7}},"23":{"start":{"line":46,"column":8},"end":{"line":46,"column":31}},"24":{"start":{"line":47,"column":8},"end":{"line":47,"column":39}},"25":{"start":{"line":50,"column":4},"end":{"line":53,"column":58}},"26":{"start":{"line":51,"column":42},"end":{"line":51,"column":58}},"27":{"start":{"line":52,"column":40},"end":{"line":52,"column":56}},"28":{"start":{"line":53,"column":27},"end":{"line":53,"column":56}},"29":{"start":{"line":55,"column":4},"end":{"line":55,"column":18}},"30":{"start":{"line":61,"column":28},"end":{"line":61,"column":56}},"31":{"start":{"line":62,"column":27},"end":{"line":62,"column":77}},"32":{"start":{"line":63,"column":21},"end":{"line":63,"column":45}},"33":{"start":{"line":64,"column":4},"end":{"line":79,"column":5}},"34":{"start":{"line":65,"column":26},"end":{"line":76,"column":7}},"35":{"start":{"line":77,"column":6},"end":{"line":77,"column":49}},"36":{"start":{"line":78,"column":6},"end":{"line":78,"column":18}},"37":{"start":{"line":80,"column":4},"end":{"line":80,"column":17}}},"fnMap":{"0":{"name":"(anonymous_0)","decl":{"start":{"line":12,"column":2},"end":{"line":12,"column":3}},"loc":{"start":{"line":12,"column":32},"end":{"line":15,"column":3}},"line":12},"1":{"name":"(anonymous_1)","decl":{"start":{"line":20,"column":2},"end":{"line":20,"column":3}},"loc":{"start":{"line":20,"column":18},"end":{"line":56,"column":3}},"line":20},"2":{"name":"(anonymous_2)","decl":{"start":{"line":43,"column":30},"end":{"line":43,"column":31}},"loc":{"start":{"line":43,"column":39},"end":{"line":49,"column":5}},"line":43},"3":{"name":"(anonymous_3)","decl":{"start":{"line":51,"column":33},"end":{"line":51,"column":34}},"loc":{"start":{"line":51,"column":42},"end":{"line":51,"column":58}},"line":51},"4":{"name":"(anonymous_4)","decl":{"start":{"line":52,"column":31},"end":{"line":52,"column":32}},"loc":{"start":{"line":52,"column":40},"end":{"line":52,"column":56}},"line":52},"5":{"name":"(anonymous_5)","decl":{"start":{"line":53,"column":11},"end":{"line":53,"column":12}},"loc":{"start":{"line":53,"column":27},"end":{"line":53,"column":56}},"line":53}},"branchMap":{"0":{"loc":{"start":{"line":21,"column":4},"end":{"line":23,"column":5}},"type":"if","locations":[{"start":{"line":21,"column":4},"end":{"line":23,"column":5}},{"start":{},"end":{}}],"line":21},"1":{"loc":{"start":{"line":21,"column":8},"end":{"line":21,"column":54}},"type":"binary-expr","locations":[{"start":{"line":21,"column":8},"end":{"line":21,"column":34}},{"start":{"line":21,"column":38},"end":{"line":21,"column":54}}],"line":21},"2":{"loc":{"start":{"line":24,"column":4},"end":{"line":26,"column":5}},"type":"if","locations":[{"start":{"line":24,"column":4},"end":{"line":26,"column":5}},{"start":{},"end":{}}],"line":24},"3":{"loc":{"start":{"line":24,"column":8},"end":{"line":24,"column":55}},"type":"binary-expr","locations":[{"start":{"line":24,"column":8},"end":{"line":24,"column":34}},{"start":{"line":24,"column":38},"end":{"line":24,"column":55}}],"line":24},"4":{"loc":{"start":{"line":28,"column":4},"end":{"line":30,"column":5}},"type":"if","locations":[{"start":{"line":28,"column":4},"end":{"line":30,"column":5}},{"start":{},"end":{}}],"line":28},"5":{"loc":{"start":{"line":28,"column":8},"end":{"line":28,"column":60}},"type":"binary-expr","locations":[{"start":{"line":28,"column":8},"end":{"line":28,"column":29}},{"start":{"line":28,"column":33},"end":{"line":28,"column":60}}],"line":28},"6":{"loc":{"start":{"line":32,"column":4},"end":{"line":34,"column":5}},"type":"if","locations":[{"start":{"line":32,"column":4},"end":{"line":34,"column":5}},{"start":{},"end":{}}],"line":32},"7":{"loc":{"start":{"line":44,"column":6},"end":{"line":48,"column":7}},"type":"if","locations":[{"start":{"line":44,"column":6},"end":{"line":48,"column":7}},{"start":{},"end":{}}],"line":44},"8":{"loc":{"start":{"line":64,"column":4},"end":{"line":79,"column":5}},"type":"if","locations":[{"start":{"line":64,"column":4},"end":{"line":79,"column":5}},{"start":{},"end":{}}],"line":64}},"s":{"0":1,"1":1,"2":1,"3":1,"4":1,"5":1,"6":0,"7":0,"8":0,"9":0,"10":0,"11":0,"12":0,"13":0,"14":0,"15":0,"16":0,"17":0,"18":0,"19":0,"20":0,"21":0,"22":0,"23":0,"24":0,"25":0,"26":0,"27":0,"28":0,"29":0,"30":0,"31":0,"32":0,"33":0,"34":0,"35":0,"36":0,"37":0},"f":{"0":0,"1":0,"2":0,"3":0,"4":0,"5":0},"b":{"0":[0,0],"1":[0,0],"2":[0,0],"3":[0,0],"4":[0,0],"5":[0,0],"6":[0,0],"7":[0,0],"8":[0,0]},"_coverageSchema":"1a1c01bbd47fc00a2c39e90264f33305004495a9","hash":"3aeff6918eb1148a7903ea0cb2d09ff154861676"}
,"D:\\My\\rs-chat-all\\server\\src\\controller\\message\\handlers\\message-readed-handler.js": {"path":"D:\\My\\rs-chat-all\\server\\src\\controller\\message\\handlers\\message-readed-handler.js","statementMap":{"0":{"start":{"line":1,"column":20},"end":{"line":1,"column":57}},"1":{"start":{"line":2,"column":23},"end":{"line":2,"column":55}},"2":{"start":{"line":3,"column":23},"end":{"line":3,"column":63}},"3":{"start":{"line":4,"column":66},"end":{"line":4,"column":95}},"4":{"start":{"line":5,"column":42},"end":{"line":5,"column":75}},"5":{"start":{"line":7,"column":0},"end":{"line":72,"column":2}},"6":{"start":{"line":8,"column":9},"end":{"line":8,"column":31}},"7":{"start":{"line":13,"column":4},"end":{"line":13,"column":12}},"8":{"start":{"line":14,"column":4},"end":{"line":14,"column":45}},"9":{"start":{"line":21,"column":4},"end":{"line":23,"column":5}},"10":{"start":{"line":22,"column":6},"end":{"line":22,"column":46}},"11":{"start":{"line":24,"column":4},"end":{"line":26,"column":5}},"12":{"start":{"line":25,"column":6},"end":{"line":25,"column":47}},"13":{"start":{"line":28,"column":4},"end":{"line":30,"column":5}},"14":{"start":{"line":29,"column":6},"end":{"line":29,"column":50}},"15":{"start":{"line":32,"column":24},"end":{"line":32,"column":49}},"16":{"start":{"line":34,"column":16},"end":{"line":34,"column":70}},"17":{"start":{"line":35,"column":4},"end":{"line":37,"column":5}},"18":{"start":{"line":36,"column":6},"end":{"line":36,"column":61}},"19":{"start":{"line":39,"column":19},"end":{"line":39,"column":27}},"20":{"start":{"line":40,"column":21},"end":{"line":40,"column":27}},"21":{"start":{"line":41,"column":4},"end":{"line":43,"column":5}},"22":{"start":{"line":42,"column":6},"end":{"line":42,"column":60}},"23":{"start":{"line":45,"column":21},"end":{"line":45,"column":70}},"24":{"start":{"line":46,"column":4},"end":{"line":48,"column":5}},"25":{"start":{"line":47,"column":6},"end":{"line":47,"column":61}},"26":{"start":{"line":50,"column":19},"end":{"line":57,"column":5}},"27":{"start":{"line":59,"column":28},"end":{"line":59,"column":56}},"28":{"start":{"line":60,"column":27},"end":{"line":60,"column":71}},"29":{"start":{"line":61,"column":4},"end":{"line":68,"column":5}},"30":{"start":{"line":62,"column":26},"end":{"line":66,"column":7}},"31":{"start":{"line":67,"column":6},"end":{"line":67,"column":49}},"32":{"start":{"line":70,"column":4},"end":{"line":70,"column":18}}},"fnMap":{"0":{"name":"(anonymous_0)","decl":{"start":{"line":12,"column":2},"end":{"line":12,"column":3}},"loc":{"start":{"line":12,"column":32},"end":{"line":15,"column":3}},"line":12},"1":{"name":"(anonymous_1)","decl":{"start":{"line":20,"column":2},"end":{"line":20,"column":3}},"loc":{"start":{"line":20,"column":18},"end":{"line":71,"column":3}},"line":20}},"branchMap":{"0":{"loc":{"start":{"line":21,"column":4},"end":{"line":23,"column":5}},"type":"if","locations":[{"start":{"line":21,"column":4},"end":{"line":23,"column":5}},{"start":{},"end":{}}],"line":21},"1":{"loc":{"start":{"line":21,"column":8},"end":{"line":21,"column":54}},"type":"binary-expr","locations":[{"start":{"line":21,"column":8},"end":{"line":21,"column":34}},{"start":{"line":21,"column":38},"end":{"line":21,"column":54}}],"line":21},"2":{"loc":{"start":{"line":24,"column":4},"end":{"line":26,"column":5}},"type":"if","locations":[{"start":{"line":24,"column":4},"end":{"line":26,"column":5}},{"start":{},"end":{}}],"line":24},"3":{"loc":{"start":{"line":24,"column":8},"end":{"line":24,"column":55}},"type":"binary-expr","locations":[{"start":{"line":24,"column":8},"end":{"line":24,"column":34}},{"start":{"line":24,"column":38},"end":{"line":24,"column":55}}],"line":24},"4":{"loc":{"start":{"line":28,"column":4},"end":{"line":30,"column":5}},"type":"if","locations":[{"start":{"line":28,"column":4},"end":{"line":30,"column":5}},{"start":{},"end":{}}],"line":28},"5":{"loc":{"start":{"line":35,"column":4},"end":{"line":37,"column":5}},"type":"if","locations":[{"start":{"line":35,"column":4},"end":{"line":37,"column":5}},{"start":{},"end":{}}],"line":35},"6":{"loc":{"start":{"line":41,"column":4},"end":{"line":43,"column":5}},"type":"if","locations":[{"start":{"line":41,"column":4},"end":{"line":43,"column":5}},{"start":{},"end":{}}],"line":41},"7":{"loc":{"start":{"line":46,"column":4},"end":{"line":48,"column":5}},"type":"if","locations":[{"start":{"line":46,"column":4},"end":{"line":48,"column":5}},{"start":{},"end":{}}],"line":46},"8":{"loc":{"start":{"line":61,"column":4},"end":{"line":68,"column":5}},"type":"if","locations":[{"start":{"line":61,"column":4},"end":{"line":68,"column":5}},{"start":{},"end":{}}],"line":61}},"s":{"0":1,"1":1,"2":1,"3":1,"4":1,"5":1,"6":0,"7":0,"8":0,"9":0,"10":0,"11":0,"12":0,"13":0,"14":0,"15":0,"16":0,"17":0,"18":0,"19":0,"20":0,"21":0,"22":0,"23":0,"24":0,"25":0,"26":0,"27":0,"28":0,"29":0,"30":0,"31":0,"32":0},"f":{"0":0,"1":0},"b":{"0":[0,0],"1":[0,0],"2":[0,0],"3":[0,0],"4":[0,0],"5":[0,0],"6":[0,0],"7":[0,0],"8":[0,0]},"_coverageSchema":"1a1c01bbd47fc00a2c39e90264f33305004495a9","hash":"9ce92c98108abf8d62f406533cf238b7ef99f9b0"}
,"D:\\My\\rs-chat-all\\server\\src\\controller\\message\\handlers\\message-send-handler.js": {"path":"D:\\My\\rs-chat-all\\server\\src\\controller\\message\\handlers\\message-send-handler.js","statementMap":{"0":{"start":{"line":1,"column":20},"end":{"line":1,"column":57}},"1":{"start":{"line":2,"column":16},"end":{"line":2,"column":63}},"2":{"start":{"line":3,"column":23},"end":{"line":3,"column":55}},"3":{"start":{"line":4,"column":65},"end":{"line":4,"column":94}},"4":{"start":{"line":5,"column":42},"end":{"line":5,"column":75}},"5":{"start":{"line":6,"column":23},"end":{"line":6,"column":63}},"6":{"start":{"line":7,"column":17},"end":{"line":7,"column":51}},"7":{"start":{"line":9,"column":0},"end":{"line":71,"column":2}},"8":{"start":{"line":10,"column":9},"end":{"line":10,"column":29}},"9":{"start":{"line":15,"column":4},"end":{"line":15,"column":12}},"10":{"start":{"line":16,"column":4},"end":{"line":16,"column":33}},"11":{"start":{"line":23,"column":4},"end":{"line":25,"column":5}},"12":{"start":{"line":24,"column":6},"end":{"line":24,"column":46}},"13":{"start":{"line":26,"column":4},"end":{"line":28,"column":5}},"14":{"start":{"line":27,"column":6},"end":{"line":27,"column":47}},"15":{"start":{"line":30,"column":4},"end":{"line":32,"column":5}},"16":{"start":{"line":31,"column":6},"end":{"line":31,"column":50}},"17":{"start":{"line":34,"column":4},"end":{"line":36,"column":5}},"18":{"start":{"line":35,"column":6},"end":{"line":35,"column":59}},"19":{"start":{"line":38,"column":25},"end":{"line":38,"column":72}},"20":{"start":{"line":39,"column":19},"end":{"line":39,"column":77}},"21":{"start":{"line":40,"column":4},"end":{"line":42,"column":5}},"22":{"start":{"line":41,"column":6},"end":{"line":41,"column":61}},"23":{"start":{"line":44,"column":19},"end":{"line":46,"column":5}},"24":{"start":{"line":48,"column":24},"end":{"line":48,"column":49}},"25":{"start":{"line":49,"column":4},"end":{"line":49,"column":41}},"26":{"start":{"line":51,"column":4},"end":{"line":65,"column":5}},"27":{"start":{"line":52,"column":30},"end":{"line":52,"column":58}},"28":{"start":{"line":53,"column":29},"end":{"line":53,"column":82}},"29":{"start":{"line":55,"column":6},"end":{"line":55,"column":38}},"30":{"start":{"line":56,"column":6},"end":{"line":56,"column":49}},"31":{"start":{"line":57,"column":24},"end":{"line":63,"column":7}},"32":{"start":{"line":64,"column":6},"end":{"line":64,"column":47}},"33":{"start":{"line":67,"column":4},"end":{"line":67,"column":47}},"34":{"start":{"line":69,"column":4},"end":{"line":69,"column":18}}},"fnMap":{"0":{"name":"(anonymous_0)","decl":{"start":{"line":14,"column":2},"end":{"line":14,"column":3}},"loc":{"start":{"line":14,"column":32},"end":{"line":17,"column":3}},"line":14},"1":{"name":"(anonymous_1)","decl":{"start":{"line":22,"column":2},"end":{"line":22,"column":3}},"loc":{"start":{"line":22,"column":18},"end":{"line":70,"column":3}},"line":22}},"branchMap":{"0":{"loc":{"start":{"line":23,"column":4},"end":{"line":25,"column":5}},"type":"if","locations":[{"start":{"line":23,"column":4},"end":{"line":25,"column":5}},{"start":{},"end":{}}],"line":23},"1":{"loc":{"start":{"line":23,"column":8},"end":{"line":23,"column":54}},"type":"binary-expr","locations":[{"start":{"line":23,"column":8},"end":{"line":23,"column":34}},{"start":{"line":23,"column":38},"end":{"line":23,"column":54}}],"line":23},"2":{"loc":{"start":{"line":26,"column":4},"end":{"line":28,"column":5}},"type":"if","locations":[{"start":{"line":26,"column":4},"end":{"line":28,"column":5}},{"start":{},"end":{}}],"line":26},"3":{"loc":{"start":{"line":26,"column":8},"end":{"line":26,"column":55}},"type":"binary-expr","locations":[{"start":{"line":26,"column":8},"end":{"line":26,"column":34}},{"start":{"line":26,"column":38},"end":{"line":26,"column":55}}],"line":26},"4":{"loc":{"start":{"line":30,"column":4},"end":{"line":32,"column":5}},"type":"if","locations":[{"start":{"line":30,"column":4},"end":{"line":32,"column":5}},{"start":{},"end":{}}],"line":30},"5":{"loc":{"start":{"line":30,"column":8},"end":{"line":30,"column":91}},"type":"binary-expr","locations":[{"start":{"line":30,"column":8},"end":{"line":30,"column":32}},{"start":{"line":30,"column":36},"end":{"line":30,"column":91}}],"line":30},"6":{"loc":{"start":{"line":34,"column":4},"end":{"line":36,"column":5}},"type":"if","locations":[{"start":{"line":34,"column":4},"end":{"line":36,"column":5}},{"start":{},"end":{}}],"line":34},"7":{"loc":{"start":{"line":40,"column":4},"end":{"line":42,"column":5}},"type":"if","locations":[{"start":{"line":40,"column":4},"end":{"line":42,"column":5}},{"start":{},"end":{}}],"line":40},"8":{"loc":{"start":{"line":51,"column":4},"end":{"line":65,"column":5}},"type":"if","locations":[{"start":{"line":51,"column":4},"end":{"line":65,"column":5}},{"start":{},"end":{}}],"line":51}},"s":{"0":1,"1":1,"2":1,"3":1,"4":1,"5":1,"6":1,"7":1,"8":0,"9":0,"10":0,"11":0,"12":0,"13":0,"14":0,"15":0,"16":0,"17":0,"18":0,"19":0,"20":0,"21":0,"22":0,"23":0,"24":0,"25":0,"26":0,"27":0,"28":0,"29":0,"30":0,"31":0,"32":0,"33":0,"34":0},"f":{"0":0,"1":0},"b":{"0":[0,0],"1":[0,0],"2":[0,0],"3":[0,0],"4":[0,0],"5":[0,0],"6":[0,0],"7":[0,0],"8":[0,0]},"_coverageSchema":"1a1c01bbd47fc00a2c39e90264f33305004495a9","hash":"59ea0a9b3c5988346c5ba029155318b5fa530a2e"}
,"D:\\My\\rs-chat-all\\server\\src\\controller\\user\\user-controller.js": {"path":"D:\\My\\rs-chat-all\\server\\src\\controller\\user\\user-controller.js","statementMap":{"0":{"start":{"line":1,"column":26},"end":{"line":1,"column":58}},"1":{"start":{"line":2,"column":26},"end":{"line":2,"column":66}},"2":{"start":{"line":3,"column":28},"end":{"line":3,"column":70}},"3":{"start":{"line":19,"column":0},"end":{"line":25,"column":2}},"4":{"start":{"line":21,"column":4},"end":{"line":21,"column":12}},"5":{"start":{"line":22,"column":4},"end":{"line":22,"column":43}},"6":{"start":{"line":23,"column":4},"end":{"line":23,"column":59}}},"fnMap":{"0":{"name":"(anonymous_0)","decl":{"start":{"line":20,"column":2},"end":{"line":20,"column":3}},"loc":{"start":{"line":20,"column":16},"end":{"line":24,"column":3}},"line":20}},"branchMap":{},"s":{"0":1,"1":1,"2":1,"3":1,"4":0,"5":0,"6":0},"f":{"0":0},"b":{},"_coverageSchema":"1a1c01bbd47fc00a2c39e90264f33305004495a9","hash":"46429592ba9523139d1abfc9db09b6224599057a"}
,"D:\\My\\rs-chat-all\\server\\src\\controller\\user\\handler\\user-active-handler.js": {"path":"D:\\My\\rs-chat-all\\server\\src\\controller\\user\\handler\\user-active-handler.js","statementMap":{"0":{"start":{"line":1,"column":17},"end":{"line":1,"column":51}},"1":{"start":{"line":2,"column":23},"end":{"line":2,"column":55}},"2":{"start":{"line":3,"column":25},"end":{"line":3,"column":58}},"3":{"start":{"line":5,"column":0},"end":{"line":32,"column":2}},"4":{"start":{"line":6,"column":9},"end":{"line":6,"column":32}},"5":{"start":{"line":12,"column":4},"end":{"line":14,"column":5}},"6":{"start":{"line":13,"column":6},"end":{"line":13,"column":46}},"7":{"start":{"line":15,"column":4},"end":{"line":17,"column":5}},"8":{"start":{"line":16,"column":6},"end":{"line":16,"column":47}},"9":{"start":{"line":19,"column":19},"end":{"line":21,"column":5}},"10":{"start":{"line":23,"column":21},"end":{"line":23,"column":56}},"11":{"start":{"line":24,"column":4},"end":{"line":28,"column":7}},"12":{"start":{"line":25,"column":6},"end":{"line":27,"column":7}},"13":{"start":{"line":26,"column":8},"end":{"line":26,"column":76}},"14":{"start":{"line":30,"column":4},"end":{"line":30,"column":18}}},"fnMap":{"0":{"name":"(anonymous_0)","decl":{"start":{"line":11,"column":2},"end":{"line":11,"column":3}},"loc":{"start":{"line":11,"column":18},"end":{"line":31,"column":3}},"line":11},"1":{"name":"(anonymous_1)","decl":{"start":{"line":24,"column":21},"end":{"line":24,"column":22}},"loc":{"start":{"line":24,"column":31},"end":{"line":28,"column":5}},"line":24}},"branchMap":{"0":{"loc":{"start":{"line":12,"column":4},"end":{"line":14,"column":5}},"type":"if","locations":[{"start":{"line":12,"column":4},"end":{"line":14,"column":5}},{"start":{},"end":{}}],"line":12},"1":{"loc":{"start":{"line":12,"column":8},"end":{"line":12,"column":54}},"type":"binary-expr","locations":[{"start":{"line":12,"column":8},"end":{"line":12,"column":34}},{"start":{"line":12,"column":38},"end":{"line":12,"column":54}}],"line":12},"2":{"loc":{"start":{"line":15,"column":4},"end":{"line":17,"column":5}},"type":"if","locations":[{"start":{"line":15,"column":4},"end":{"line":17,"column":5}},{"start":{},"end":{}}],"line":15},"3":{"loc":{"start":{"line":15,"column":8},"end":{"line":15,"column":55}},"type":"binary-expr","locations":[{"start":{"line":15,"column":8},"end":{"line":15,"column":34}},{"start":{"line":15,"column":38},"end":{"line":15,"column":55}}],"line":15},"4":{"loc":{"start":{"line":25,"column":6},"end":{"line":27,"column":7}},"type":"if","locations":[{"start":{"line":25,"column":6},"end":{"line":27,"column":7}},{"start":{},"end":{}}],"line":25}},"s":{"0":1,"1":1,"2":1,"3":1,"4":0,"5":0,"6":0,"7":0,"8":0,"9":0,"10":0,"11":0,"12":0,"13":0,"14":0},"f":{"0":0,"1":0},"b":{"0":[0,0],"1":[0,0],"2":[0,0],"3":[0,0],"4":[0,0]},"_coverageSchema":"1a1c01bbd47fc00a2c39e90264f33305004495a9","hash":"10518597f471869fd29da173b68be4939e18c72e"}
,"D:\\My\\rs-chat-all\\server\\src\\controller\\user\\handler\\user-inactive-handler.js": {"path":"D:\\My\\rs-chat-all\\server\\src\\controller\\user\\handler\\user-inactive-handler.js","statementMap":{"0":{"start":{"line":1,"column":17},"end":{"line":1,"column":51}},"1":{"start":{"line":2,"column":23},"end":{"line":2,"column":55}},"2":{"start":{"line":3,"column":25},"end":{"line":3,"column":58}},"3":{"start":{"line":5,"column":0},"end":{"line":32,"column":2}},"4":{"start":{"line":6,"column":9},"end":{"line":6,"column":34}},"5":{"start":{"line":12,"column":4},"end":{"line":14,"column":5}},"6":{"start":{"line":13,"column":6},"end":{"line":13,"column":46}},"7":{"start":{"line":15,"column":4},"end":{"line":17,"column":5}},"8":{"start":{"line":16,"column":6},"end":{"line":16,"column":47}},"9":{"start":{"line":19,"column":19},"end":{"line":21,"column":5}},"10":{"start":{"line":23,"column":21},"end":{"line":23,"column":56}},"11":{"start":{"line":24,"column":4},"end":{"line":28,"column":7}},"12":{"start":{"line":25,"column":6},"end":{"line":27,"column":7}},"13":{"start":{"line":26,"column":8},"end":{"line":26,"column":76}},"14":{"start":{"line":30,"column":4},"end":{"line":30,"column":18}}},"fnMap":{"0":{"name":"(anonymous_0)","decl":{"start":{"line":11,"column":2},"end":{"line":11,"column":3}},"loc":{"start":{"line":11,"column":18},"end":{"line":31,"column":3}},"line":11},"1":{"name":"(anonymous_1)","decl":{"start":{"line":24,"column":21},"end":{"line":24,"column":22}},"loc":{"start":{"line":24,"column":31},"end":{"line":28,"column":5}},"line":24}},"branchMap":{"0":{"loc":{"start":{"line":12,"column":4},"end":{"line":14,"column":5}},"type":"if","locations":[{"start":{"line":12,"column":4},"end":{"line":14,"column":5}},{"start":{},"end":{}}],"line":12},"1":{"loc":{"start":{"line":12,"column":8},"end":{"line":12,"column":54}},"type":"binary-expr","locations":[{"start":{"line":12,"column":8},"end":{"line":12,"column":34}},{"start":{"line":12,"column":38},"end":{"line":12,"column":54}}],"line":12},"2":{"loc":{"start":{"line":15,"column":4},"end":{"line":17,"column":5}},"type":"if","locations":[{"start":{"line":15,"column":4},"end":{"line":17,"column":5}},{"start":{},"end":{}}],"line":15},"3":{"loc":{"start":{"line":15,"column":8},"end":{"line":15,"column":55}},"type":"binary-expr","locations":[{"start":{"line":15,"column":8},"end":{"line":15,"column":34}},{"start":{"line":15,"column":38},"end":{"line":15,"column":55}}],"line":15},"4":{"loc":{"start":{"line":25,"column":6},"end":{"line":27,"column":7}},"type":"if","locations":[{"start":{"line":25,"column":6},"end":{"line":27,"column":7}},{"start":{},"end":{}}],"line":25}},"s":{"0":1,"1":1,"2":1,"3":1,"4":0,"5":0,"6":0,"7":0,"8":0,"9":0,"10":0,"11":0,"12":0,"13":0,"14":0},"f":{"0":0,"1":0},"b":{"0":[0,0],"1":[0,0],"2":[0,0],"3":[0,0],"4":[0,0]},"_coverageSchema":"1a1c01bbd47fc00a2c39e90264f33305004495a9","hash":"bc2b53b69902c19d946859e469258dc5e433ed5a"}
,"D:\\My\\rs-chat-all\\server\\src\\logger\\logger.js": {"path":"D:\\My\\rs-chat-all\\server\\src\\logger\\logger.js","statementMap":{"0":{"start":{"line":1,"column":14},"end":{"line":1,"column":30}},"1":{"start":{"line":18,"column":0},"end":{"line":74,"column":2}},"2":{"start":{"line":23,"column":4},"end":{"line":25,"column":5}},"3":{"start":{"line":24,"column":6},"end":{"line":24,"column":13}},"4":{"start":{"line":26,"column":17},"end":{"line":26,"column":94}},"5":{"start":{"line":27,"column":4},"end":{"line":29,"column":6}},"6":{"start":{"line":35,"column":4},"end":{"line":37,"column":5}},"7":{"start":{"line":36,"column":6},"end":{"line":36,"column":13}},"8":{"start":{"line":38,"column":4},"end":{"line":38,"column":59}},"9":{"start":{"line":44,"column":4},"end":{"line":46,"column":5}},"10":{"start":{"line":45,"column":6},"end":{"line":45,"column":13}},"11":{"start":{"line":47,"column":4},"end":{"line":49,"column":5}},"12":{"start":{"line":48,"column":6},"end":{"line":48,"column":13}},"13":{"start":{"line":50,"column":4},"end":{"line":52,"column":5}},"14":{"start":{"line":51,"column":6},"end":{"line":51,"column":13}},"15":{"start":{"line":53,"column":4},"end":{"line":55,"column":5}},"16":{"start":{"line":54,"column":6},"end":{"line":54,"column":13}},"17":{"start":{"line":57,"column":6},"end":{"line":57,"column":109}},"18":{"start":{"line":58,"column":20},"end":{"line":58,"column":113}},"19":{"start":{"line":59,"column":19},"end":{"line":59,"column":39}},"20":{"start":{"line":60,"column":25},"end":{"line":60,"column":93}},"21":{"start":{"line":61,"column":22},"end":{"line":61,"column":84}},"22":{"start":{"line":62,"column":20},"end":{"line":62,"column":100}},"23":{"start":{"line":63,"column":4},"end":{"line":68,"column":6}},"24":{"start":{"line":71,"column":17},"end":{"line":71,"column":27}},"25":{"start":{"line":72,"column":4},"end":{"line":72,"column":77}}},"fnMap":{"0":{"name":"(anonymous_0)","decl":{"start":{"line":22,"column":2},"end":{"line":22,"column":3}},"loc":{"start":{"line":22,"column":22},"end":{"line":30,"column":3}},"line":22},"1":{"name":"(anonymous_1)","decl":{"start":{"line":34,"column":2},"end":{"line":34,"column":3}},"loc":{"start":{"line":34,"column":16},"end":{"line":39,"column":3}},"line":34},"2":{"name":"(anonymous_2)","decl":{"start":{"line":43,"column":2},"end":{"line":43,"column":3}},"loc":{"start":{"line":43,"column":15},"end":{"line":69,"column":3}},"line":43}},"branchMap":{"0":{"loc":{"start":{"line":23,"column":4},"end":{"line":25,"column":5}},"type":"if","locations":[{"start":{"line":23,"column":4},"end":{"line":25,"column":5}},{"start":{},"end":{}}],"line":23},"1":{"loc":{"start":{"line":26,"column":17},"end":{"line":26,"column":94}},"type":"cond-expr","locations":[{"start":{"line":26,"column":44},"end":{"line":26,"column":67}},{"start":{"line":26,"column":70},"end":{"line":26,"column":94}}],"line":26},"2":{"loc":{"start":{"line":35,"column":4},"end":{"line":37,"column":5}},"type":"if","locations":[{"start":{"line":35,"column":4},"end":{"line":37,"column":5}},{"start":{},"end":{}}],"line":35},"3":{"loc":{"start":{"line":44,"column":4},"end":{"line":46,"column":5}},"type":"if","locations":[{"start":{"line":44,"column":4},"end":{"line":46,"column":5}},{"start":{},"end":{}}],"line":44},"4":{"loc":{"start":{"line":47,"column":4},"end":{"line":49,"column":5}},"type":"if","locations":[{"start":{"line":47,"column":4},"end":{"line":49,"column":5}},{"start":{},"end":{}}],"line":47},"5":{"loc":{"start":{"line":47,"column":8},"end":{"line":47,"column":99}},"type":"binary-expr","locations":[{"start":{"line":47,"column":8},"end":{"line":47,"column":52}},{"start":{"line":47,"column":56},"end":{"line":47,"column":99}}],"line":47},"6":{"loc":{"start":{"line":50,"column":4},"end":{"line":52,"column":5}},"type":"if","locations":[{"start":{"line":50,"column":4},"end":{"line":52,"column":5}},{"start":{},"end":{}}],"line":50},"7":{"loc":{"start":{"line":50,"column":8},"end":{"line":50,"column":101}},"type":"binary-expr","locations":[{"start":{"line":50,"column":8},"end":{"line":50,"column":53}},{"start":{"line":50,"column":57},"end":{"line":50,"column":101}}],"line":50},"8":{"loc":{"start":{"line":53,"column":4},"end":{"line":55,"column":5}},"type":"if","locations":[{"start":{"line":53,"column":4},"end":{"line":55,"column":5}},{"start":{},"end":{}}],"line":53},"9":{"loc":{"start":{"line":53,"column":8},"end":{"line":53,"column":96}},"type":"binary-expr","locations":[{"start":{"line":53,"column":8},"end":{"line":53,"column":49}},{"start":{"line":53,"column":53},"end":{"line":53,"column":96}}],"line":53},"10":{"loc":{"start":{"line":57,"column":6},"end":{"line":57,"column":109}},"type":"cond-expr","locations":[{"start":{"line":57,"column":48},"end":{"line":57,"column":76}},{"start":{"line":57,"column":79},"end":{"line":57,"column":109}}],"line":57},"11":{"loc":{"start":{"line":58,"column":20},"end":{"line":58,"column":113}},"type":"cond-expr","locations":[{"start":{"line":58,"column":52},"end":{"line":58,"column":82}},{"start":{"line":58,"column":85},"end":{"line":58,"column":113}}],"line":58}},"s":{"0":1,"1":1,"2":0,"3":0,"4":0,"5":0,"6":2,"7":2,"8":0,"9":0,"10":0,"11":0,"12":0,"13":0,"14":0,"15":0,"16":0,"17":0,"18":0,"19":0,"20":0,"21":0,"22":0,"23":0,"24":0,"25":0},"f":{"0":0,"1":2,"2":0},"b":{"0":[0,0],"1":[0,0],"2":[2,0],"3":[0,0],"4":[0,0],"5":[0,0],"6":[0,0],"7":[0,0],"8":[0,0],"9":[0,0],"10":[0,0],"11":[0,0]},"_coverageSchema":"1a1c01bbd47fc00a2c39e90264f33305004495a9","hash":"35fcb27ab96278648908eba9bb6e1553e0982028"}
,"D:\\My\\rs-chat-all\\server\\src\\model\\connection-message\\connection-message-model.js": {"path":"D:\\My\\rs-chat-all\\server\\src\\model\\connection-message\\connection-message-model.js","statementMap":{"0":{"start":{"line":30,"column":0},"end":{"line":67,"column":2}},"1":{"start":{"line":32,"column":8},"end":{"line":32,"column":12}},"2":{"start":{"line":34,"column":10},"end":{"line":34,"column":14}},"3":{"start":{"line":36,"column":13},"end":{"line":36,"column":17}},"4":{"start":{"line":43,"column":4},"end":{"line":43,"column":36}},"5":{"start":{"line":44,"column":4},"end":{"line":44,"column":40}},"6":{"start":{"line":45,"column":4},"end":{"line":45,"column":46}},"7":{"start":{"line":48,"column":4},"end":{"line":48,"column":20}},"8":{"start":{"line":51,"column":4},"end":{"line":51,"column":22}},"9":{"start":{"line":54,"column":4},"end":{"line":54,"column":25}},"10":{"start":{"line":61,"column":4},"end":{"line":65,"column":6}}},"fnMap":{"0":{"name":"(anonymous_0)","decl":{"start":{"line":42,"column":2},"end":{"line":42,"column":3}},"loc":{"start":{"line":42,"column":33},"end":{"line":46,"column":3}},"line":42},"1":{"name":"(anonymous_1)","decl":{"start":{"line":47,"column":2},"end":{"line":47,"column":3}},"loc":{"start":{"line":47,"column":11},"end":{"line":49,"column":3}},"line":47},"2":{"name":"(anonymous_2)","decl":{"start":{"line":50,"column":2},"end":{"line":50,"column":3}},"loc":{"start":{"line":50,"column":13},"end":{"line":52,"column":3}},"line":50},"3":{"name":"(anonymous_3)","decl":{"start":{"line":53,"column":2},"end":{"line":53,"column":3}},"loc":{"start":{"line":53,"column":16},"end":{"line":55,"column":3}},"line":53},"4":{"name":"(anonymous_4)","decl":{"start":{"line":60,"column":2},"end":{"line":60,"column":3}},"loc":{"start":{"line":60,"column":45},"end":{"line":66,"column":3}},"line":60}},"branchMap":{"0":{"loc":{"start":{"line":62,"column":6},"end":{"line":64,"column":91}},"type":"binary-expr","locations":[{"start":{"line":62,"column":7},"end":{"line":62,"column":47}},{"start":{"line":62,"column":51},"end":{"line":62,"column":80}},{"start":{"line":63,"column":6},"end":{"line":63,"column":48}},{"start":{"line":64,"column":7},"end":{"line":64,"column":52}},{"start":{"line":64,"column":56},"end":{"line":64,"column":90}}],"line":62}},"s":{"0":1,"1":0,"2":0,"3":0,"4":0,"5":0,"6":0,"7":0,"8":0,"9":0,"10":0},"f":{"0":0,"1":0,"2":0,"3":0,"4":0},"b":{"0":[0,0,0,0,0]},"_coverageSchema":"1a1c01bbd47fc00a2c39e90264f33305004495a9","hash":"37f866b83c2dd1b1d6ae4ea0a052dc7ddbab8110"}
,"D:\\My\\rs-chat-all\\server\\src\\model\\message\\message-model.js": {"path":"D:\\My\\rs-chat-all\\server\\src\\model\\message\\message-model.js","statementMap":{"0":{"start":{"line":1,"column":23},"end":{"line":1,"column":38}},"1":{"start":{"line":30,"column":0},"end":{"line":137,"column":2}},"2":{"start":{"line":32,"column":8},"end":{"line":32,"column":12}},"3":{"start":{"line":34,"column":10},"end":{"line":34,"column":14}},"4":{"start":{"line":36,"column":8},"end":{"line":36,"column":12}},"5":{"start":{"line":38,"column":10},"end":{"line":38,"column":14}},"6":{"start":{"line":40,"column":14},"end":{"line":40,"column":18}},"7":{"start":{"line":42,"column":12},"end":{"line":42,"column":16}},"8":{"start":{"line":49,"column":4},"end":{"line":49,"column":32}},"9":{"start":{"line":50,"column":4},"end":{"line":50,"column":47}},"10":{"start":{"line":51,"column":4},"end":{"line":51,"column":27}},"11":{"start":{"line":52,"column":4},"end":{"line":52,"column":26}},"12":{"start":{"line":53,"column":4},"end":{"line":53,"column":30}},"13":{"start":{"line":54,"column":4},"end":{"line":59,"column":6}},"14":{"start":{"line":62,"column":4},"end":{"line":62,"column":20}},"15":{"start":{"line":65,"column":4},"end":{"line":65,"column":22}},"16":{"start":{"line":68,"column":4},"end":{"line":68,"column":20}},"17":{"start":{"line":71,"column":4},"end":{"line":71,"column":22}},"18":{"start":{"line":74,"column":4},"end":{"line":74,"column":23}},"19":{"start":{"line":77,"column":4},"end":{"line":77,"column":26}},"20":{"start":{"line":80,"column":4},"end":{"line":80,"column":24}},"21":{"start":{"line":83,"column":4},"end":{"line":83,"column":43}},"22":{"start":{"line":86,"column":4},"end":{"line":86,"column":36}},"23":{"start":{"line":89,"column":4},"end":{"line":89,"column":37}},"24":{"start":{"line":92,"column":4},"end":{"line":92,"column":33}},"25":{"start":{"line":95,"column":4},"end":{"line":95,"column":37}},"26":{"start":{"line":98,"column":4},"end":{"line":98,"column":33}},"27":{"start":{"line":101,"column":4},"end":{"line":112,"column":6}},"28":{"start":{"line":119,"column":4},"end":{"line":128,"column":6}},"29":{"start":{"line":135,"column":4},"end":{"line":135,"column":78}}},"fnMap":{"0":{"name":"(anonymous_0)","decl":{"start":{"line":48,"column":2},"end":{"line":48,"column":3}},"loc":{"start":{"line":48,"column":34},"end":{"line":60,"column":3}},"line":48},"1":{"name":"(anonymous_1)","decl":{"start":{"line":61,"column":2},"end":{"line":61,"column":3}},"loc":{"start":{"line":61,"column":11},"end":{"line":63,"column":3}},"line":61},"2":{"name":"(anonymous_2)","decl":{"start":{"line":64,"column":2},"end":{"line":64,"column":3}},"loc":{"start":{"line":64,"column":13},"end":{"line":66,"column":3}},"line":64},"3":{"name":"(anonymous_3)","decl":{"start":{"line":67,"column":2},"end":{"line":67,"column":3}},"loc":{"start":{"line":67,"column":11},"end":{"line":69,"column":3}},"line":67},"4":{"name":"(anonymous_4)","decl":{"start":{"line":70,"column":2},"end":{"line":70,"column":3}},"loc":{"start":{"line":70,"column":13},"end":{"line":72,"column":3}},"line":70},"5":{"name":"(anonymous_5)","decl":{"start":{"line":73,"column":2},"end":{"line":73,"column":3}},"loc":{"start":{"line":73,"column":18},"end":{"line":75,"column":3}},"line":73},"6":{"name":"(anonymous_6)","decl":{"start":{"line":76,"column":2},"end":{"line":76,"column":3}},"loc":{"start":{"line":76,"column":17},"end":{"line":78,"column":3}},"line":76},"7":{"name":"(anonymous_7)","decl":{"start":{"line":79,"column":2},"end":{"line":79,"column":3}},"loc":{"start":{"line":79,"column":15},"end":{"line":81,"column":3}},"line":79},"8":{"name":"(anonymous_8)","decl":{"start":{"line":82,"column":2},"end":{"line":82,"column":3}},"loc":{"start":{"line":82,"column":31},"end":{"line":84,"column":3}},"line":82},"9":{"name":"(anonymous_9)","decl":{"start":{"line":85,"column":2},"end":{"line":85,"column":3}},"loc":{"start":{"line":85,"column":20},"end":{"line":87,"column":3}},"line":85},"10":{"name":"(anonymous_10)","decl":{"start":{"line":88,"column":2},"end":{"line":88,"column":3}},"loc":{"start":{"line":88,"column":25},"end":{"line":90,"column":3}},"line":88},"11":{"name":"(anonymous_11)","decl":{"start":{"line":91,"column":2},"end":{"line":91,"column":3}},"loc":{"start":{"line":91,"column":17},"end":{"line":93,"column":3}},"line":91},"12":{"name":"(anonymous_12)","decl":{"start":{"line":94,"column":2},"end":{"line":94,"column":3}},"loc":{"start":{"line":94,"column":25},"end":{"line":96,"column":3}},"line
[...]
,"D:\\My\\rs-chat-all\\server\\src\\model\\user\\user-model.js": {"path":"D:\\My\\rs-chat-all\\server\\src\\model\\user\\user-model.js","statementMap":{"0":{"start":{"line":10,"column":0},"end":{"line":43,"column":2}},"1":{"start":{"line":12,"column":11},"end":{"line":12,"column":15}},"2":{"start":{"line":14,"column":14},"end":{"line":14,"column":18}},"3":{"start":{"line":16,"column":15},"end":{"line":16,"column":19}},"4":{"start":{"line":19,"column":4},"end":{"line":19,"column":23}},"5":{"start":{"line":22,"column":4},"end":{"line":22,"column":24}},"6":{"start":{"line":25,"column":4},"end":{"line":25,"column":26}},"7":{"start":{"line":28,"column":4},"end":{"line":28,"column":30}},"8":{"start":{"line":31,"column":4},"end":{"line":31,"column":27}},"9":{"start":{"line":34,"column":4},"end":{"line":34,"column":32}},"10":{"start":{"line":41,"column":4},"end":{"line":41,"column":85}}},"fnMap":{"0":{"name":"(anonymous_0)","decl":{"start":{"line":18,"column":2},"end":{"line":18,"column":3}},"loc":{"start":{"line":18,"column":14},"end":{"line":20,"column":3}},"line":18},"1":{"name":"(anonymous_1)","decl":{"start":{"line":21,"column":2},"end":{"line":21,"column":3}},"loc":{"start":{"line":21,"column":19},"end":{"line":23,"column":3}},"line":21},"2":{"name":"(anonymous_2)","decl":{"start":{"line":24,"column":2},"end":{"line":24,"column":3}},"loc":{"start":{"line":24,"column":17},"end":{"line":26,"column":3}},"line":24},"3":{"name":"(anonymous_3)","decl":{"start":{"line":27,"column":2},"end":{"line":27,"column":3}},"loc":{"start":{"line":27,"column":25},"end":{"line":29,"column":3}},"line":27},"4":{"name":"(anonymous_4)","decl":{"start":{"line":30,"column":2},"end":{"line":30,"column":3}},"loc":{"start":{"line":30,"column":18},"end":{"line":32,"column":3}},"line":30},"5":{"name":"(anonymous_5)","decl":{"start":{"line":33,"column":2},"end":{"line":33,"column":3}},"loc":{"start":{"line":33,"column":27},"end":{"line":35,"column":3}},"line":33},"6":{"name":"(anonymous_6)","decl":{"start":{"line":40,"column":2},"end":{"line":40,"column":3}},"loc":{"start":{"line":40,"column":35},"end":{"line":42,"column":3}},"line":40}},"branchMap":{"0":{"loc":{"start":{"line":41,"column":11},"end":{"line":41,"column":84}},"type":"binary-expr","locations":[{"start":{"line":41,"column":11},"end":{"line":41,"column":44}},{"start":{"line":41,"column":48},"end":{"line":41,"column":84}}],"line":41}},"s":{"0":1,"1":0,"2":0,"3":0,"4":0,"5":0,"6":0,"7":0,"8":0,"9":0,"10":0},"f":{"0":0,"1":0,"2":0,"3":0,"4":0,"5":0,"6":0},"b":{"0":[0,0]},"_coverageSchema":"1a1c01bbd47fc00a2c39e90264f33305004495a9","hash":"ba5c6af1e854558ae3fd832f62970ce0a58e4f27"}
,"D:\\My\\rs-chat-all\\server\\src\\pool\\connection-pool.js": {"path":"D:\\My\\rs-chat-all\\server\\src\\pool\\connection-pool.js","statementMap":{"0":{"start":{"line":1,"column":0},"end":{"line":53,"column":2}},"1":{"start":{"line":2,"column":27},"end":{"line":2,"column":47}},"2":{"start":{"line":4,"column":17},"end":{"line":4,"column":26}},"3":{"start":{"line":7,"column":4},"end":{"line":7,"column":32}},"4":{"start":{"line":10,"column":4},"end":{"line":10,"column":29}},"5":{"start":{"line":13,"column":19},"end":{"line":13,"column":28}},"6":{"start":{"line":14,"column":4},"end":{"line":19,"column":7}},"7":{"start":{"line":15,"column":19},"end":{"line":15,"column":39}},"8":{"start":{"line":16,"column":6},"end":{"line":18,"column":7}},"9":{"start":{"line":17,"column":8},"end":{"line":17,"column":61}},"10":{"start":{"line":20,"column":4},"end":{"line":20,"column":18}},"11":{"start":{"line":26,"column":4},"end":{"line":26,"column":47}},"12":{"start":{"line":34,"column":4},"end":{"line":38,"column":7}},"13":{"start":{"line":35,"column":6},"end":{"line":37,"column":7}},"14":{"start":{"line":36,"column":8},"end":{"line":36,"column":28}},"15":{"start":{"line":39,"column":4},"end":{"line":39,"column":18}},"16":{"start":{"line":45,"column":4},"end":{"line":45,"column":68}},"17":{"start":{"line":51,"column":4},"end":{"line":51,"column":43}}},"fnMap":{"0":{"name":"(anonymous_0)","decl":{"start":{"line":6,"column":2},"end":{"line":6,"column":3}},"loc":{"start":{"line":6,"column":23},"end":{"line":8,"column":3}},"line":6},"1":{"name":"(anonymous_1)","decl":{"start":{"line":9,"column":2},"end":{"line":9,"column":3}},"loc":{"start":{"line":9,"column":22},"end":{"line":11,"column":3}},"line":9},"2":{"name":"(anonymous_2)","decl":{"start":{"line":12,"column":2},"end":{"line":12,"column":3}},"loc":{"start":{"line":12,"column":23},"end":{"line":21,"column":3}},"line":12},"3":{"name":"(anonymous_3)","decl":{"start":{"line":14,"column":30},"end":{"line":14,"column":31}},"loc":{"start":{"line":14,"column":46},"end":{"line":19,"column":5}},"line":14},"4":{"name":"(anonymous_4)","decl":{"start":{"line":25,"column":2},"end":{"line":25,"column":3}},"loc":{"start":{"line":25,"column":34},"end":{"line":27,"column":3}},"line":25},"5":{"name":"(anonymous_5)","decl":{"start":{"line":32,"column":2},"end":{"line":32,"column":3}},"loc":{"start":{"line":32,"column":30},"end":{"line":40,"column":3}},"line":32},"6":{"name":"(anonymous_6)","decl":{"start":{"line":34,"column":30},"end":{"line":34,"column":31}},"loc":{"start":{"line":34,"column":46},"end":{"line":38,"column":5}},"line":34},"7":{"name":"(anonymous_7)","decl":{"start":{"line":44,"column":2},"end":{"line":44,"column":3}},"loc":{"start":{"line":44,"column":28},"end":{"line":46,"column":3}},"line":44},"8":{"name":"(anonymous_8)","decl":{"start":{"line":50,"column":2},"end":{"line":50,"column":3}},"loc":{"start":{"line":50,"column":33},"end":{"line":52,"column":3}},"line":50}},"branchMap":{"0":{"loc":{"start":{"line":16,"column":6},"end":{"line":18,"column":7}},"type":"if","locations":[{"start":{"line":16,"column":6},"end":{"line":18,"column":7}},{"start":{},"end":{}}],"line":16},"1":{"loc":{"start":{"line":16,"column":10},"end":{"line":16,"column":32}},"type":"binary-expr","locations":[{"start":{"line":16,"column":10},"end":{"line":16,"column":14}},{"start":{"line":16,"column":18},"end":{"line":16,"column":32}}],"line":16},"2":{"loc":{"start":{"line":35,"column":6},"end":{"line":37,"column":7}},"type":"if","locations":[{"start":{"line":35,"column":6},"end":{"line":37,"column":7}},{"start":{},"end":{}}],"line":35}},"s":{"0":1,"1":1,"2":1,"3":1,"4":0,"5":0,"6":0,"7":0,"8":0,"9":0,"10":0,"11":0,"12":0,"13":0,"14":0,"15":0,"16":0,"17":0},"f":{"0":1,"1":0,"2":0,"3":0,"4":0,"5":0,"6":0,"7":0,"8":0},"b":{"0":[0,0],"1":[0,0],"2":[0,0]},"_coverageSchema":"1a1c01bbd47fc00a2c39e90264f33305004495a9","hash":"cc2ab8d4be3fbed455ec41357d8465e36dc44cae"}
,"D:\\My\\rs-chat-all\\server\\src\\pool\\message-pool.js": {"path":"D:\\My\\rs-chat-all\\server\\src\\pool\\message-pool.js","statementMap":{"0":{"start":{"line":1,"column":0},"end":{"line":94,"column":2}},"1":{"start":{"line":2,"column":24},"end":{"line":2,"column":41}},"2":{"start":{"line":4,"column":14},"end":{"line":4,"column":16}},"3":{"start":{"line":7,"column":4},"end":{"line":7,"column":29}},"4":{"start":{"line":14,"column":4},"end":{"line":14,"column":33}},"5":{"start":{"line":20,"column":17},"end":{"line":20,"column":22}},"6":{"start":{"line":21,"column":4},"end":{"line":29,"column":7}},"7":{"start":{"line":22,"column":6},"end":{"line":27,"column":7}},"8":{"start":{"line":24,"column":8},"end":{"line":24,"column":35}},"9":{"start":{"line":25,"column":8},"end":{"line":25,"column":22}},"10":{"start":{"line":26,"column":8},"end":{"line":26,"column":20}},"11":{"start":{"line":28,"column":6},"end":{"line":28,"column":19}},"12":{"start":{"line":30,"column":4},"end":{"line":30,"column":18}},"13":{"start":{"line":36,"column":17},"end":{"line":36,"column":22}},"14":{"start":{"line":37,"column":4},"end":{"line":43,"column":7}},"15":{"start":{"line":38,"column":6},"end":{"line":42,"column":7}},"16":{"start":{"line":40,"column":8},"end":{"line":40,"column":32}},"17":{"start":{"line":41,"column":8},"end":{"line":41,"column":22}},"18":{"start":{"line":44,"column":4},"end":{"line":44,"column":18}},"19":{"start":{"line":51,"column":17},"end":{"line":51,"column":22}},"20":{"start":{"line":52,"column":4},"end":{"line":60,"column":7}},"21":{"start":{"line":53,"column":6},"end":{"line":59,"column":7}},"22":{"start":{"line":55,"column":8},"end":{"line":55,"column":28}},"23":{"start":{"line":57,"column":8},"end":{"line":57,"column":32}},"24":{"start":{"line":58,"column":8},"end":{"line":58,"column":22}},"25":{"start":{"line":61,"column":4},"end":{"line":61,"column":18}},"26":{"start":{"line":67,"column":17},"end":{"line":67,"column":22}},"27":{"start":{"line":68,"column":4},"end":{"line":74,"column":7}},"28":{"start":{"line":69,"column":6},"end":{"line":73,"column":7}},"29":{"start":{"line":71,"column":8},"end":{"line":71,"column":31}},"30":{"start":{"line":72,"column":8},"end":{"line":72,"column":22}},"31":{"start":{"line":75,"column":4},"end":{"line":75,"column":18}},"32":{"start":{"line":83,"column":19},"end":{"line":83,"column":107}},"33":{"start":{"line":83,"column":54},"end":{"line":83,"column":106}},"34":{"start":{"line":84,"column":4},"end":{"line":84,"column":18}},"35":{"start":{"line":91,"column":19},"end":{"line":91,"column":72}},"36":{"start":{"line":91,"column":54},"end":{"line":91,"column":71}},"37":{"start":{"line":92,"column":4},"end":{"line":92,"column":29}}},"fnMap":{"0":{"name":"(anonymous_0)","decl":{"start":{"line":6,"column":2},"end":{"line":6,"column":3}},"loc":{"start":{"line":6,"column":23},"end":{"line":8,"column":3}},"line":6},"1":{"name":"(anonymous_1)","decl":{"start":{"line":12,"column":2},"end":{"line":12,"column":3}},"loc":{"start":{"line":12,"column":22},"end":{"line":15,"column":3}},"line":12},"2":{"name":"(anonymous_2)","decl":{"start":{"line":19,"column":2},"end":{"line":19,"column":3}},"loc":{"start":{"line":19,"column":19},"end":{"line":31,"column":3}},"line":19},"3":{"name":"(anonymous_3)","decl":{"start":{"line":21,"column":27},"end":{"line":21,"column":28}},"loc":{"start":{"line":21,"column":40},"end":{"line":29,"column":5}},"line":21},"4":{"name":"(anonymous_4)","decl":{"start":{"line":35,"column":2},"end":{"line":35,"column":3}},"loc":{"start":{"line":35,"column":16},"end":{"line":45,"column":3}},"line":35},"5":{"name":"(anonymous_5)","decl":{"start":{"line":37,"column":27},"end":{"line":37,"column":28}},"loc":{"start":{"line":37,"column":40},"end":{"line":43,"column":5}},"line":37},"6":{"name":"(anonymous_6)","decl":{"start":{"line":50,"column":2},"end":{"line":50,"column":3}},"loc":{"start":{"line":50,"column":24},"end":{"line":62,"column":3}},"line":50},"7":{"name":"(anonymous_7)","decl":{"start":{"line":52,"column":27},"end":{"line":52,"column":28}},"loc":{"start":{"line":52,"column":40},"end":{"line":60,"column":5}},"line":52},"8":{"name":"(anonymous_8)","decl":{"start":{"line":66,"column":2},"end":{"line":66,"column":3}},"loc":{"start":{"line":66,"column":20},"end":{"line":76,"column":3}},"line":66},"9":{"name":"(anonymous_9)","decl":{"start":{"line":68,"column":27},"end":{"line":68,"column":28}},"loc":{"start":{"line":68,"column":54},"end":{"line":74,"column":5}},"line":68},"10":{"name":"(anonymous_10)","decl":{"start":{"line":82,"column":2},"end":{"line":82,"column":3}},"loc":{"start":{"line":82,"column":45},"end":{"line":85,"column":3}},"line":82},"11":{"name":"(anonymous_11)","decl":{"start":{"line":83,"column":41},"end":{"line":83,"column":42}},"loc":{"start":{"line":83,"column":54},"end":{"line":83,"column":106}},"line":83},"12":{"name":"(anonymous_12)","decl":{"start":{"line":90,"column":2},"end":{"line":90,"column":3}},"loc":{"start":{"line":90,"column":21},"end":{"line":93,"column":3}},"line":90},"13":{"name":"(anonymous_13)","decl":{"start":{"line":91,"column":41},"end":{"line":91,"column":42}},"loc":{"start":{"line":91,"column":54},"end":{"line":91,"column":71}},"line":91}},"branchMap":{"0":{"loc":{"start":{"line":22,"column":6},"end":{"line":27,"column":7}},"type":"if","locations":[{"start":{"line":22,"column":6},"end":{"line":27,"column":7}},{"start":{},"end":{}}],"line":22},"1":{"loc":{"start":{"line":38,"column":6},"end":{"line":42,"column":7}},"type":"if","locations":[{"start":{"line":38,"column":6},"end":{"line":42,"column":7}},{"start":{},"end":{}}],"line":38},"2":{"loc":{"start":{"line":53,"column":6},"end":{"line":59,"column":7}},"type":"if","locations":[{"start":{"line":53,"column":6},"end":{"line":59,"column":7}},{"start":{},"end":{}}],"line":53},"3":{"loc":{"start":{"line":69,"column":6},"end":{"line":73,"column":7}},"type":"if","locations":[{"start":{"line":69,"column":6},"end":{"line":73,"column":7}},{"start":{},"end":{}}],"line":69},"4":{"loc":{"start":{"line":83,"column":54},"end":{"line":83,"column":106}},"type":"binary-expr","locations":[{"start":{"line":83,"column":54},"end":{"line":83,"column":80}},{"start":{"line":83,"column":84},"end":{"line":83,"column":106}}],"line":83},"5":{"loc":{"start":{"line":92,"column":11},"end":{"line":92,"column":28}},"type":"binary-expr","locations":[{"start":{"line":92,"column":11},"end":{"line":92,"column":20}},{"start":{"line":92,"column":24},"end":{"line":92,"column":28}}],"line":92}},"s":{"0":1,"1":1,"2":1,"3":0,"4":0,"5":0,"6":0,"7":0,"8":0,"9":0,"10":0,"11":0,"12":0,"13":0,"14":0,"15":0,"16":0,"17":0,"18":0,"19":0,"20":0,"21":0,"22":0,"23":0,"24":0,"25":0,"26":0,"27":0,"28":0,"29":0,"30":0,"31":0,"32":0,"33":0,"34":0,"35":0,"36":0,"37":0},"f":{"0":0,"1":0,"2":0,"3":0,"4":0,"5":0,"6":0,"7":0,"8":0,"9":0,"10":0,"11":0,"12":0,"13":0},"b":{"0":[0,0],"1":[0,0],"2":[0,0],"3":[0,0],"4":[0,0],"5":[0,0]},"_coverageSchema":"1a1c01bbd47fc00a2c39e90264f33305004495a9","hash":"320f808070ff1c1ae8fd985ed51a622f603e03fa"}
,"D:\\My\\rs-chat-all\\server\\src\\pool\\user-pool.js": {"path":"D:\\My\\rs-chat-all\\server\\src\\pool\\user-pool.js","statementMap":{"0":{"start":{"line":1,"column":0},"end":{"line":63,"column":2}},"1":{"start":{"line":2,"column":21},"end":{"line":2,"column":35}},"2":{"start":{"line":4,"column":11},"end":{"line":4,"column":13}},"3":{"start":{"line":7,"column":4},"end":{"line":7,"column":26}},"4":{"start":{"line":14,"column":19},"end":{"line":14,"column":67}},"5":{"start":{"line":14,"column":46},"end":{"line":14,"column":66}},"6":{"start":{"line":15,"column":4},"end":{"line":17,"column":5}},"7":{"start":{"line":16,"column":6},"end":{"line":16,"column":20}},"8":{"start":{"line":18,"column":4},"end":{"line":18,"column":16}},"9":{"start":{"line":24,"column":4},"end":{"line":24,"column":23}},"10":{"start":{"line":31,"column":21},"end":{"line":31,"column":54}},"11":{"start":{"line":32,"column":4},"end":{"line":35,"column":5}},"12":{"start":{"line":33,"column":6},"end":{"line":33,"column":29}},"13":{"start":{"line":34,"column":6},"end":{"line":34,"column":18}},"14":{"start":{"line":36,"column":4},"end":{"line":36,"column":17}},"15":{"start":{"line":43,"column":18},"end":{"line":43,"column":71}},"16":{"start":{"line":43,"column":50},"end":{"line":43,"column":70}},"17":{"start":{"line":44,"column":4},"end":{"line":47,"column":5}},"18":{"start":{"line":45,"column":6},"end":{"line":45,"column":35}},"19":{"start":{"line":46,"column":6},"end":{"line":46,"column":18}},"20":{"start":{"line":48,"column":4},"end":{"line":48,"column":17}},"21":{"start":{"line":55,"column":17},"end":{"line":55,"column":48}},"22":{"start":{"line":56,"column":4},"end":{"line":58,"column":5}},"23":{"start":{"line":57,"column":6},"end":{"line":57,"column":19}},"24":{"start":{"line":59,"column":4},"end":{"line":59,"column":41}},"25":{"start":{"line":60,"column":4},"end":{"line":60,"column":43}},"26":{"start":{"line":61,"column":4},"end":{"line":61,"column":16}}},"fnMap":{"0":{"name":"(anonymous_0)","decl":{"start":{"line":6,"column":2},"end":{"line":6,"column":3}},"loc":{"start":{"line":6,"column":23},"end":{"line":8,"column":3}},"line":6},"1":{"name":"(anonymous_1)","decl":{"start":{"line":13,"column":2},"end":{"line":13,"column":3}},"loc":{"start":{"line":13,"column":17},"end":{"line":19,"column":3}},"line":13},"2":{"name":"(anonymous_2)","decl":{"start":{"line":14,"column":36},"end":{"line":14,"column":37}},"loc":{"start":{"line":14,"column":46},"end":{"line":14,"column":66}},"line":14},"3":{"name":"(anonymous_3)","decl":{"start":{"line":23,"column":2},"end":{"line":23,"column":3}},"loc":{"start":{"line":23,"column":15},"end":{"line":25,"column":3}},"line":23},"4":{"name":"(anonymous_4)","decl":{"start":{"line":30,"column":2},"end":{"line":30,"column":3}},"loc":{"start":{"line":30,"column":16},"end":{"line":37,"column":3}},"line":30},"5":{"name":"(anonymous_5)","decl":{"start":{"line":42,"column":2},"end":{"line":42,"column":3}},"loc":{"start":{"line":42,"column":20},"end":{"line":49,"column":3}},"line":42},"6":{"name":"(anonymous_6)","decl":{"start":{"line":43,"column":40},"end":{"line":43,"column":41}},"loc":{"start":{"line":43,"column":50},"end":{"line":43,"column":70}},"line":43},"7":{"name":"(anonymous_7)","decl":{"start":{"line":54,"column":2},"end":{"line":54,"column":3}},"loc":{"start":{"line":54,"column":26},"end":{"line":62,"column":3}},"line":54}},"branchMap":{"0":{"loc":{"start":{"line":15,"column":4},"end":{"line":17,"column":5}},"type":"if","locations":[{"start":{"line":15,"column":4},"end":{"line":17,"column":5}},{"start":{},"end":{}}],"line":15},"1":{"loc":{"start":{"line":32,"column":4},"end":{"line":35,"column":5}},"type":"if","locations":[{"start":{"line":32,"column":4},"end":{"line":35,"column":5}},{"start":{},"end":{}}],"line":32},"2":{"loc":{"start":{"line":44,"column":4},"end":{"line":47,"column":5}},"type":"if","locations":[{"start":{"line":44,"column":4},"end":{"line":47,"column":5}},{"start":{},"end":{}}],"line":44},"3":{"loc":{"start":{"line":56,"column":4},"end":{"line":58,"column":5}},"type":"if","locations":[{"start":{"line":56,"column":4},"end":{"line":58,"column":5}},{"start":{},"end":{}}],"line":56}},"s":{"0":1,"1":1,"2":1,"3":0,"4":0,"5":0,"6":0,"7":0,"8":0,"9":0,"10":0,"11":0,"12":0,"13":0,"14":0,"15":0,"16":0,"17":0,"18":0,"19":0,"20":0,"21":0,"22":0,"23":0,"24":0,"25":0,"26":0},"f":{"0":0,"1":0,"2":0,"3":0,"4":0,"5":0,"6":0,"7":0},"b":{"0":[0,0],"1":[0,0],"2":[0,0],"3":[0,0]},"_coverageSchema":"1a1c01bbd47fc00a2c39e90264f33305004495a9","hash":"3d25096e206a6b088409999c62e7f131d02a6a1e"}
}
